<?xml version="1.0" encoding="UTF-8"?>
<coverage generated="1790011174803" clover="3.2.0">
  <project timestamp="1790011174804" name="All files">
    <metrics statements="380" coveredstatements="261" conditionals="180" coveredconditionals="91" methods="58" coveredmethods="35" elements="618" coveredelements="387" complexity="0" loc="380" ncloc="380" packages="4" files="19" classes="19"/>
    <package name="controllers">
      <metrics statements="136" coveredstatements="113" conditionals="47" coveredconditionals="35" methods="18" coveredmethods="13"/>
      <file name="adminController.js" path="/Users/miteshreddy/Desktop/JOBSHEILD-XAI-main/backend/controllers/adminController.js">
        <metrics statements="18" coveredstatements="16" conditionals="4" coveredconditionals="4" methods="4" coveredmethods="2"/>
        <line num="1" count="6" type="stmt"/>
        <line num="2" count="6" type="stmt"/>
        <line num="3" count="6" type="stmt"/>
        <line num="8" count="6" type="stmt"/>
        <line num="9" count="1" type="stmt"/>
        <line num="16" count="1" type="stmt"/>
        <line num="17" count="1" type="stmt"/>
        <line num="18" count="0" type="stmt"/>
        <line num="21" count="1" type="stmt"/>
        <line num="22" count="1" type="stmt"/>
        <line num="23" count="0" type="stmt"/>
        <line num="26" count="1" type="stmt"/>
        <line num="29" count="6" type="stmt"/>
        <line num="30" count="1" type="cond" truecount="2" falsecount="0"/>
        <line num="31" count="1" type="cond" truecount="2" falsecount="0"/>
        <line num="33" count="1" type="stmt"/>
        <line num="38" count="1" type="stmt"/>
        <line num="41" count="6" type="stmt"/>
      </file>
      <file name="analysisController.js" path="/Users/miteshreddy/Desktop/JOBSHEILD-XAI-main/backend/controllers/analysisController.js">
        <metrics statements="46" coveredstatements="31" conditionals="15" coveredconditionals="10" methods="6" coveredmethods="4"/>
        <line num="1" count="6" type="stmt"/>
        <line num="2" count="6" type="stmt"/>
        <line num="3" count="6" type="stmt"/>
        <line num="4" count="6" type="stmt"/>
        <line num="5" count="6" type="stmt"/>
        <line num="6" count="6" type="stmt"/>
        <line num="7" count="6" type="stmt"/>
        <line num="15" count="8" type="cond" truecount="4" falsecount="0"/>
        <line num="16" count="6" type="stmt"/>
        <line num="20" count="2" type="stmt"/>
        <line num="21" count="2" type="stmt"/>
        <line num="23" count="0" type="stmt"/>
        <line num="24" count="0" type="cond" truecount="0" falsecount="2"/>
        <line num="27" count="2" type="stmt"/>
        <line num="32" count="2" type="stmt"/>
        <line num="52" count="6" type="stmt"/>
        <line num="53" count="8" type="stmt"/>
        <line num="54" count="8" type="stmt"/>
        <line num="60" count="2" type="stmt"/>
        <line num="64" count="6" type="stmt"/>
        <line num="65" count="1" type="stmt"/>
        <line num="67" count="1" type="stmt"/>
        <line num="68" count="1" type="stmt"/>
        <line num="70" count="1" type="stmt"/>
        <line num="72" count="0" type="stmt"/>
        <line num="78" count="0" type="stmt"/>
        <line num="82" count="6" type="stmt"/>
        <line num="84" count="0" type="stmt"/>
        <line num="85" count="0" type="stmt"/>
        <line num="87" count="0" type="stmt"/>
        <line num="89" count="0" type="stmt"/>
        <line num="95" count="0" type="stmt"/>
        <line num="104" count="6" type="stmt"/>
        <line num="105" count="0" type="stmt"/>
        <line num="106" count="0" type="stmt"/>
        <line num="109" count="0" type="stmt"/>
        <line num="117" count="0" type="stmt"/>
        <line num="123" count="0" type="stmt"/>
        <line num="126" count="6" type="stmt"/>
        <line num="127" count="2" type="stmt"/>
        <line num="128" count="2" type="cond" truecount="2" falsecount="0"/>
        <line num="129" count="1" type="stmt"/>
        <line num="133" count="1" type="cond" truecount="2" falsecount="3"/>
        <line num="134" count="0" type="stmt"/>
        <line num="136" count="1" type="stmt"/>
        <line num="139" count="6" type="stmt"/>
      </file>
      <file name="authController.js" path="/Users/miteshreddy/Desktop/JOBSHEILD-XAI-main/backend/controllers/authController.js">
        <metrics statements="57" coveredstatements="51" conditionals="14" coveredconditionals="11" methods="7" coveredmethods="6"/>
        <line num="1" count="6" type="stmt"/>
        <line num="2" count="6" type="stmt"/>
        <line num="3" count="6" type="stmt"/>
        <line num="4" count="6" type="stmt"/>
        <line num="5" count="6" type="stmt"/>
        <line num="6" count="6" type="stmt"/>
        <line num="8" count="6" type="stmt"/>
        <line num="13" count="6" type="stmt"/>
        <line num="14" count="6" type="stmt"/>
        <line num="23" count="16" type="stmt"/>
        <line num="24" count="16" type="stmt"/>
        <line num="25" count="16" type="stmt"/>
        <line num="26" count="16" type="stmt"/>
        <line num="30" count="6" type="stmt"/>
        <line num="31" count="13" type="stmt"/>
        <line num="33" count="13" type="stmt"/>
        <line num="34" count="13" type="cond" truecount="2" falsecount="0"/>
        <line num="35" count="1" type="stmt"/>
        <line num="38" count="12" type="stmt"/>
        <line num="39" count="12" type="stmt"/>
        <line num="41" count="12" type="stmt"/>
        <line num="42" count="12" type="stmt"/>
        <line num="45" count="6" type="stmt"/>
        <line num="46" count="4" type="stmt"/>
        <line num="48" count="4" type="stmt"/>
        <line num="49" count="4" type="cond" truecount="1" falsecount="1"/>
        <line num="50" count="0" type="stmt"/>
        <line num="52" count="4" type="stmt"/>
        <line num="53" count="4" type="cond" truecount="2" falsecount="0"/>
        <line num="54" count="1" type="stmt"/>
        <line num="57" count="3" type="stmt"/>
        <line num="58" count="3" type="stmt"/>
        <line num="61" count="6" type="stmt"/>
        <line num="62" count="2" type="stmt"/>
        <line num="63" count="2" type="cond" truecount="1" falsecount="1"/>
        <line num="64" count="0" type="stmt"/>
        <line num="68" count="2" type="stmt"/>
        <line num="69" count="2" type="stmt"/>
        <line num="71" count="0" type="stmt"/>
        <line num="74" count="2" type="stmt"/>
        <line num="75" count="2" type="cond" truecount="4" falsecount="0"/>
        <line num="76" count="1" type="stmt"/>
        <line num="79" count="1" type="stmt"/>
        <line num="80" count="1" type="stmt"/>
        <line num="83" count="6" type="stmt"/>
        <line num="84" count="0" type="stmt"/>
        <line num="85" count="0" type="stmt"/>
        <line num="89" count="6" type="stmt"/>
        <line num="90" count="1" type="stmt"/>
        <line num="91" count="1" type="stmt"/>
        <line num="92" count="1" type="stmt"/>
        <line num="95" count="6" type="stmt"/>
        <line num="96" count="1" type="stmt"/>
        <line num="97" count="1" type="cond" truecount="1" falsecount="1"/>
        <line num="98" count="0" type="stmt"/>
        <line num="100" count="1" type="stmt"/>
        <line num="103" count="6" type="stmt"/>
      </file>
      <file name="historyController.js" path="/Users/miteshreddy/Desktop/JOBSHEILD-XAI-main/backend/controllers/historyController.js">
        <metrics statements="15" coveredstatements="15" conditionals="14" coveredconditionals="10" methods="1" coveredmethods="1"/>
        <line num="1" count="6" type="stmt"/>
        <line num="2" count="6" type="stmt"/>
        <line num="4" count="6" type="stmt"/>
        <line num="9" count="6" type="stmt"/>
        <line num="10" count="2" type="cond" truecount="4" falsecount="0"/>
        <line num="12" count="2" type="stmt"/>
        <line num="13" count="2" type="cond" truecount="2" falsecount="0"/>
        <line num="14" count="1" type="stmt"/>
        <line num="17" count="2" type="cond" truecount="1" falsecount="1"/>
        <line num="18" count="2" type="cond" truecount="1" falsecount="1"/>
        <line num="20" count="2" type="cond" truecount="1" falsecount="1"/>
        <line num="21" count="2" type="cond" truecount="1" falsecount="1"/>
        <line num="23" count="2" type="stmt"/>
        <line num="31" count="2" type="stmt"/>
        <line num="37" count="6" type="stmt"/>
      </file>
    </package>
    <package name="middleware">
      <metrics statements="69" coveredstatements="47" conditionals="34" coveredconditionals="19" methods="16" coveredmethods="9"/>
      <file name="auth.js" path="/Users/miteshreddy/Desktop/JOBSHEILD-XAI-main/backend/middleware/auth.js">
        <metrics statements="19" coveredstatements="18" conditionals="10" coveredconditionals="10" methods="4" coveredmethods="4"/>
        <line num="1" count="6" type="stmt"/>
        <line num="2" count="6" type="stmt"/>
        <line num="8" count="46" type="stmt"/>
        <line num="9" count="46" type="cond" truecount="4" falsecount="0"/>
        <line num="10" count="34" type="stmt"/>
        <line num="11" count="34" type="stmt"/>
        <line num="13" count="12" type="stmt"/>
        <line num="14" count="12" type="stmt"/>
        <line num="15" count="12" type="stmt"/>
        <line num="17" count="0" type="stmt"/>
        <line num="19" count="12" type="stmt"/>
        <line num="23" count="10" type="cond" truecount="2" falsecount="0"/>
        <line num="24" count="3" type="stmt"/>
        <line num="26" count="7" type="stmt"/>
        <line num="30" count="6" type="stmt"/>
        <line num="31" count="3" type="cond" truecount="4" falsecount="0"/>
        <line num="32" count="1" type="stmt"/>
        <line num="34" count="2" type="stmt"/>
        <line num="38" count="6" type="stmt"/>
      </file>
      <file name="errorHandler.js" path="/Users/miteshreddy/Desktop/JOBSHEILD-XAI-main/backend/middleware/errorHandler.js">
        <metrics statements="10" coveredstatements="8" conditionals="10" coveredconditionals="7" methods="2" coveredmethods="1"/>
        <line num="1" count="6" type="stmt"/>
        <line num="2" count="6" type="stmt"/>
        <line num="7" count="19" type="stmt"/>
        <line num="8" count="19" type="cond" truecount="1" falsecount="1"/>
        <line num="9" count="19" type="cond" truecount="1" falsecount="1"/>
        <line num="11" count="19" type="cond" truecount="1" falsecount="1"/>
        <line num="12" count="0" type="stmt"/>
        <line num="17" count="19" type="stmt"/>
        <line num="25" count="0" type="stmt"/>
        <line num="28" count="6" type="stmt"/>
      </file>
      <file name="rateLimiter.js" path="/Users/miteshreddy/Desktop/JOBSHEILD-XAI-main/backend/middleware/rateLimiter.js">
        <metrics statements="5" coveredstatements="5" conditionals="0" coveredconditionals="0" methods="0" coveredmethods="0"/>
        <line num="1" count="6" type="stmt"/>
        <line num="2" count="6" type="stmt"/>
        <line num="6" count="6" type="stmt"/>
        <line num="14" count="6" type="stmt"/>
        <line num="22" count="6" type="stmt"/>
      </file>
      <file name="upload.js" path="/Users/miteshreddy/Desktop/JOBSHEILD-XAI-main/backend/middleware/upload.js">
        <metrics statements="28" coveredstatements="9" conditionals="12" coveredconditionals="0" methods="8" coveredmethods="2"/>
        <line num="1" count="6" type="stmt"/>
        <line num="2" count="6" type="stmt"/>
        <line num="3" count="6" type="stmt"/>
        <line num="5" count="6" type="stmt"/>
        <line num="7" count="6" type="stmt"/>
        <line num="11" count="0" type="stmt"/>
        <line num="15" count="6" type="stmt"/>
        <line num="19" count="0" type="stmt"/>
        <line num="24" count="12" type="stmt"/>
        <line num="25" count="0" type="stmt"/>
        <line num="26" count="0" type="cond" truecount="0" falsecount="2"/>
        <line num="27" count="0" type="cond" truecount="0" falsecount="2"/>
        <line num="28" count="0" type="stmt"/>
        <line num="30" count="0" type="stmt"/>
        <line num="32" count="0" type="cond" truecount="0" falsecount="2"/>
        <line num="33" count="0" type="cond" truecount="0" falsecount="2"/>
        <line num="34" count="0" type="stmt"/>
        <line num="36" count="0" type="stmt"/>
        <line num="44" count="12" type="stmt"/>
        <line num="45" count="0" type="stmt"/>
        <line num="46" count="0" type="stmt"/>
        <line num="47" count="0" type="stmt"/>
        <line num="48" count="0" type="cond" truecount="0" falsecount="2"/>
        <line num="49" count="0" type="cond" truecount="0" falsecount="2"/>
        <line num="50" count="0" type="stmt"/>
        <line num="56" count="0" type="stmt"/>
        <line num="58" count="0" type="stmt"/>
        <line num="63" count="6" type="stmt"/>
      </file>
      <file name="validate.js" path="/Users/miteshreddy/Desktop/JOBSHEILD-XAI-main/backend/middleware/validate.js">
        <metrics statements="7" coveredstatements="7" conditionals="2" coveredconditionals="2" methods="2" coveredmethods="2"/>
        <line num="1" count="6" type="stmt"/>
        <line num="2" count="6" type="stmt"/>
        <line num="7" count="32" type="stmt"/>
        <line num="8" count="32" type="cond" truecount="2" falsecount="0"/>
        <line num="9" count="4" type="stmt"/>
        <line num="14" count="28" type="stmt"/>
        <line num="17" count="6" type="stmt"/>
      </file>
    </package>
    <package name="models">
      <metrics statements="13" coveredstatements="13" conditionals="0" coveredconditionals="0" methods="1" coveredmethods="1"/>
      <file name="Analysis.js" path="/Users/miteshreddy/Desktop/JOBSHEILD-XAI-main/backend/models/Analysis.js">
        <metrics statements="5" coveredstatements="5" conditionals="0" coveredconditionals="0" methods="0" coveredmethods="0"/>
        <line num="1" count="6" type="stmt"/>
        <line num="4" count="6" type="stmt"/>
        <line num="35" count="6" type="stmt"/>
        <line num="36" count="6" type="stmt"/>
        <line num="38" count="6" type="stmt"/>
      </file>
      <file name="User.js" path="/Users/miteshreddy/Desktop/JOBSHEILD-XAI-main/backend/models/User.js">
        <metrics statements="8" coveredstatements="8" conditionals="0" coveredconditionals="0" methods="1" coveredmethods="1"/>
        <line num="1" count="6" type="stmt"/>
        <line num="6" count="6" type="stmt"/>
        <line num="24" count="6" type="stmt"/>
        <line num="26" count="17" type="stmt"/>
        <line num="27" count="17" type="stmt"/>
        <line num="28" count="17" type="stmt"/>
        <line num="29" count="17" type="stmt"/>
        <line num="33" count="6" type="stmt"/>
      </file>
    </package>
    <package name="utils">
      <metrics statements="162" coveredstatements="88" conditionals="99" coveredconditionals="37" methods="23" coveredmethods="12"/>
      <file name="ApiError.js" path="/Users/miteshreddy/Desktop/JOBSHEILD-XAI-main/backend/utils/ApiError.js">
        <metrics statements="5" coveredstatements="5" conditionals="1" coveredconditionals="1" methods="1" coveredmethods="1"/>
        <line num="6" count="20" type="stmt"/>
        <line num="7" count="20" type="stmt"/>
        <line num="8" count="20" type="stmt"/>
        <line num="9" count="20" type="stmt"/>
        <line num="13" count="9" type="stmt"/>
      </file>
      <file name="aiServiceClient.js" path="/Users/miteshreddy/Desktop/JOBSHEILD-XAI-main/backend/utils/aiServiceClient.js">
        <metrics statements="34" coveredstatements="9" conditionals="11" coveredconditionals="0" methods="6" coveredmethods="0"/>
        <line num="1" count="3" type="stmt"/>
        <line num="2" count="3" type="stmt"/>
        <line num="3" count="3" type="stmt"/>
        <line num="4" count="3" type="stmt"/>
        <line num="5" count="3" type="stmt"/>
        <line num="7" count="3" type="stmt"/>
        <line num="12" count="0" type="cond" truecount="0" falsecount="2"/>
        <line num="13" count="0" type="stmt"/>
        <line num="15" count="0" type="cond" truecount="0" falsecount="4"/>
        <line num="16" count="0" type="stmt"/>
        <line num="18" count="0" type="cond" truecount="0" falsecount="3"/>
        <line num="19" count="0" type="cond" truecount="0" falsecount="2"/>
        <line num="23" count="0" type="stmt"/>
        <line num="24" count="0" type="stmt"/>
        <line num="25" count="0" type="stmt"/>
        <line num="27" count="0" type="stmt"/>
        <line num="28" count="0" type="stmt"/>
        <line num="33" count="0" type="stmt"/>
        <line num="34" count="0" type="stmt"/>
        <line num="35" count="0" type="stmt"/>
        <line num="37" count="0" type="stmt"/>
        <line num="38" count="0" type="stmt"/>
        <line num="43" count="0" type="stmt"/>
        <line num="44" count="0" type="stmt"/>
        <line num="45" count="0" type="stmt"/>
        <line num="46" count="0" type="stmt"/>
        <line num="47" count="0" type="stmt"/>
        <line num="49" count="0" type="stmt"/>
        <line num="50" count="0" type="stmt"/>
        <line num="54" count="3" type="stmt"/>
        <line num="55" count="0" type="stmt"/>
        <line num="57" count="3" type="stmt"/>
        <line num="58" count="0" type="stmt"/>
        <line num="60" count="3" type="stmt"/>
      </file>
      <file name="asyncHandler.js" path="/Users/miteshreddy/Desktop/JOBSHEILD-XAI-main/backend/utils/asyncHandler.js">
        <metrics statements="3" coveredstatements="3" conditionals="0" coveredconditionals="0" methods="2" coveredmethods="2"/>
        <line num="3" count="84" type="stmt"/>
        <line num="4" count="36" type="stmt"/>
        <line num="7" count="6" type="stmt"/>
      </file>
      <file name="jwt.js" path="/Users/miteshreddy/Desktop/JOBSHEILD-XAI-main/backend/utils/jwt.js">
        <metrics statements="7" coveredstatements="7" conditionals="0" coveredconditionals="0" methods="4" coveredmethods="4"/>
        <line num="1" count="6" type="stmt"/>
        <line num="2" count="6" type="stmt"/>
        <line num="5" count="16" type="stmt"/>
        <line num="13" count="16" type="stmt"/>
        <line num="21" count="12" type="stmt"/>
        <line num="25" count="2" type="stmt"/>
        <line num="28" count="6" type="stmt"/>
      </file>
      <file name="localAnalyzer.js" path="/Users/miteshreddy/Desktop/JOBSHEILD-XAI-main/backend/utils/localAnalyzer.js">
        <metrics statements="70" coveredstatements="51" conditionals="54" coveredconditionals="30" methods="6" coveredmethods="4"/>
        <line num="12" count="6" type="stmt"/>
        <line num="49" count="6" type="stmt"/>
        <line num="61" count="2" type="cond" truecount="3" falsecount="1"/>
        <line num="62" count="0" type="stmt"/>
        <line num="65" count="2" type="stmt"/>
        <line num="66" count="2" type="stmt"/>
        <line num="69" count="2" type="stmt"/>
        <line num="70" count="2" type="stmt"/>
        <line num="71" count="2" type="stmt"/>
        <line num="73" count="2" type="stmt"/>
        <line num="74" count="38" type="cond" truecount="2" falsecount="0"/>
        <line num="75" count="1" type="stmt"/>
        <line num="76" count="1" type="cond" truecount="1" falsecount="1"/>
        <line num="77" count="1" type="stmt"/>
        <line num="79" count="1" type="stmt"/>
        <line num="88" count="37" type="stmt"/>
        <line num="99" count="2" type="stmt"/>
        <line num="102" count="2" type="stmt"/>
        <line num="103" count="2" type="stmt"/>
        <line num="104" count="12" type="cond" truecount="1" falsecount="1"/>
        <line num="105" count="0" type="stmt"/>
        <line num="109" count="2" type="stmt"/>
        <line num="111" count="2" type="cond" truecount="1" falsecount="1"/>
        <line num="112" count="2" type="cond" truecount="1" falsecount="1"/>
        <line num="113" count="2" type="stmt"/>
        <line num="117" count="2" type="cond" truecount="1" falsecount="1"/>
        <line num="118" count="2" type="cond" truecount="2" falsecount="0"/>
        <line num="119" count="1" type="cond" truecount="1" falsecount="1"/>
        <line num="120" count="0" type="stmt"/>
        <line num="124" count="2" type="stmt"/>
        <line num="125" count="2" type="cond" truecount="1" falsecount="1"/>
        <line num="126" count="2" type="cond" truecount="1" falsecount="1"/>
        <line num="127" count="0" type="cond" truecount="0" falsecount="2"/>
        <line num="128" count="0" type="stmt"/>
        <line num="131" count="2" type="stmt"/>
        <line num="136" count="2" type="cond" truecount="1" falsecount="1"/>
        <line num="139" count="2" type="stmt"/>
        <line num="140" count="38" type="stmt"/>
        <line num="141" count="0" type="stmt"/>
        <line num="144" count="2" type="stmt"/>
        <line num="154" count="2" type="stmt"/>
        <line num="155" count="38" type="stmt"/>
        <line num="156" count="0" type="stmt"/>
        <line num="158" count="1" type="stmt"/>
        <line num="166" count="2" type="stmt"/>
        <line num="175" count="2" type="stmt"/>
        <line num="176" count="2" type="stmt"/>
        <line num="178" count="2" type="cond" truecount="1" falsecount="1"/>
        <line num="179" count="0" type="stmt"/>
        <line num="180" count="0" type="stmt"/>
        <line num="181" count="0" type="cond" truecount="0" falsecount="2"/>
        <line num="182" count="0" type="stmt"/>
        <line num="183" count="0" type="cond" truecount="0" falsecount="2"/>
        <line num="184" count="0" type="stmt"/>
        <line num="185" count="0" type="cond" truecount="0" falsecount="2"/>
        <line num="186" count="0" type="stmt"/>
        <line num="187" count="2" type="cond" truecount="3" falsecount="1"/>
        <line num="188" count="2" type="stmt"/>
        <line num="189" count="2" type="stmt"/>
        <line num="190" count="2" type="stmt"/>
        <line num="191" count="2" type="cond" truecount="2" falsecount="0"/>
        <line num="192" count="1" type="stmt"/>
        <line num="194" count="0" type="stmt"/>
        <line num="195" count="0" type="stmt"/>
        <line num="198" count="2" type="cond" truecount="1" falsecount="1"/>
        <line num="199" count="0" type="stmt"/>
        <line num="200" count="2" type="cond" truecount="1" falsecount="1"/>
        <line num="201" count="0" type="stmt"/>
        <line num="203" count="2" type="stmt"/>
        <line num="222" count="6" type="stmt"/>
      </file>
      <file name="logger.js" path="/Users/miteshreddy/Desktop/JOBSHEILD-XAI-main/backend/utils/logger.js">
        <metrics statements="3" coveredstatements="3" conditionals="2" coveredconditionals="1" methods="0" coveredmethods="0"/>
        <line num="1" count="9" type="stmt"/>
        <line num="3" count="9" type="stmt"/>
        <line num="18" count="9" type="stmt"/>
      </file>
      <file name="pdfParser.js" path="/Users/miteshreddy/Desktop/JOBSHEILD-XAI-main/backend/utils/pdfParser.js">
        <metrics statements="10" coveredstatements="2" conditionals="8" coveredconditionals="0" methods="1" coveredmethods="0"/>
        <line num="4" count="6" type="stmt"/>
        <line num="12" count="0" type="stmt"/>
        <line num="13" count="0" type="stmt"/>
        <line num="14" count="0" type="cond" truecount="0" falsecount="2"/>
        <line num="15" count="0" type="cond" truecount="0" falsecount="2"/>
        <line num="16" count="0" type="stmt"/>
        <line num="18" count="0" type="stmt"/>
        <line num="20" count="0" type="cond" truecount="0" falsecount="4"/>
        <line num="21" count="0" type="stmt"/>
        <line num="25" count="6" type="stmt"/>
      </file>
      <file name="urlScraper.js" path="/Users/miteshreddy/Desktop/JOBSHEILD-XAI-main/backend/utils/urlScraper.js">
        <metrics statements="30" coveredstatements="8" conditionals="23" coveredconditionals="5" methods="3" coveredmethods="1"/>
        <line num="5" count="6" type="stmt"/>
        <line num="6" count="6" type="stmt"/>
        <line num="15" count="1" type="stmt"/>
        <line num="16" count="1" type="stmt"/>
        <line num="27" count="1" type="cond" truecount="4" falsecount="1"/>
        <line num="28" count="0" type="stmt"/>
        <line num="30" count="1" type="cond" truecount="1" falsecount="1"/>
        <line num="31" count="1" type="stmt"/>
        <line num="33" count="0" type="stmt"/>
        <line num="36" count="0" type="cond" truecount="0" falsecount="2"/>
        <line num="37" count="0" type="cond" truecount="0" falsecount="4"/>
        <line num="38" count="0" type="stmt"/>
        <line num="41" count="0" type="stmt"/>
        <line num="44" count="0" type="stmt"/>
        <line num="47" count="0" type="stmt"/>
        <line num="61" count="0" type="stmt"/>
        <line num="62" count="0" type="stmt"/>
        <line num="63" count="0" type="stmt"/>
        <line num="64" count="0" type="cond" truecount="0" falsecount="4"/>
        <line num="65" count="0" type="stmt"/>
        <line num="66" count="0" type="stmt"/>
        <line num="70" count="0" type="cond" truecount="0" falsecount="4"/>
        <line num="71" count="0" type="stmt"/>
        <line num="75" count="0" type="stmt"/>
        <line num="77" count="0" type="stmt"/>
        <line num="78" count="0" type="stmt"/>
        <line num="83" count="0" type="cond" truecount="0" falsecount="2"/>
        <line num="84" count="0" type="stmt"/>
        <line num="87" count="0" type="stmt"/>
        <line num="90" count="6" type="stmt"/>
      </file>
    </package>
  </project>
</coverage>
