{"/Users/miteshreddy/Desktop/JOBSHEILD-XAI-main/backend/controllers/adminController.js": {"path":"/Users/miteshreddy/Desktop/JOBSHEILD-XAI-main/backend/controllers/adminController.js","statementMap":{"0":{"start":{"line":1,"column":13},"end":{"line":1,"column":38}},"1":{"start":{"line":2,"column":17},"end":{"line":2,"column":46}},"2":{"start":{"line":3,"column":21},"end":{"line":3,"column":53}},"3":{"start":{"line":8,"column":17},"end":{"line":27,"column":2}},"4":{"start":{"line":9,"column":63},"end":{"line":14,"column":4}},"5":{"start":{"line":16,"column":29},"end":{"line":16,"column":72}},"6":{"start":{"line":17,"column":2},"end":{"line":19,"column":5}},"7":{"start":{"line":18,"column":4},"end":{"line":18,"column":44}},"8":{"start":{"line":21,"column":32},"end":{"line":21,"column":64}},"9":{"start":{"line":22,"column":2},"end":{"line":24,"column":5}},"10":{"start":{"line":23,"column":4},"end":{"line":23,"column":47}},"11":{"start":{"line":26,"column":2},"end":{"line":26,"column":97}},"12":{"start":{"line":29,"column":18},"end":{"line":39,"column":2}},"13":{"start":{"line":30,"column":15},"end":{"line":30,"column":61}},"14":{"start":{"line":31,"column":16},"end":{"line":31,"column":79}},"15":{"start":{"line":33,"column":25},"end":{"line":36,"column":4}},"16":{"start":{"line":38,"column":2},"end":{"line":38,"column":103}},"17":{"start":{"line":41,"column":0},"end":{"line":41,"column":41}}},"fnMap":{"0":{"name":"(anonymous_0)","decl":{"start":{"line":8,"column":30},"end":{"line":8,"column":31}},"loc":{"start":{"line":8,"column":51},"end":{"line":27,"column":1}},"line":8},"1":{"name":"(anonymous_1)","decl":{"start":{"line":17,"column":21},"end":{"line":17,"column":22}},"loc":{"start":{"line":17,"column":30},"end":{"line":19,"column":3}},"line":17},"2":{"name":"(anonymous_2)","decl":{"start":{"line":22,"column":22},"end":{"line":22,"column":23}},"loc":{"start":{"line":22,"column":31},"end":{"line":24,"column":3}},"line":22},"3":{"name":"(anonymous_3)","decl":{"start":{"line":29,"column":31},"end":{"line":29,"column":32}},"loc":{"start":{"line":29,"column":51},"end":{"line":39,"column":1}},"line":29}},"branchMap":{"0":{"loc":{"start":{"line":30,"column":27},"end":{"line":30,"column":60}},"type":"binary-expr","locations":[{"start":{"line":30,"column":27},"end":{"line":30,"column":55}},{"start":{"line":30,"column":59},"end":{"line":30,"column":60}}],"line":30},"1":{"loc":{"start":{"line":31,"column":42},"end":{"line":31,"column":77}},"type":"binary-expr","locations":[{"start":{"line":31,"column":42},"end":{"line":31,"column":71}},{"start":{"line":31,"column":75},"end":{"line":31,"column":77}}],"line":31}},"s":{"0":6,"1":6,"2":6,"3":6,"4":1,"5":1,"6":1,"7":0,"8":1,"9":1,"10":0,"11":1,"12":6,"13":1,"14":1,"15":1,"16":1,"17":6},"f":{"0":1,"1":0,"2":0,"3":1},"b":{"0":[1,1],"1":[1,1]},"_coverageSchema":"1a1c01bbd47fc00a2c39e90264f33305004495a9","hash":"1c0e7d190d68eb1e14fe7e1782e9c68d369cae28"}
,"/Users/miteshreddy/Desktop/JOBSHEILD-XAI-main/backend/controllers/analysisController.js": {"path":"/Users/miteshreddy/Desktop/JOBSHEILD-XAI-main/backend/controllers/analysisController.js","statementMap":{"0":{"start":{"line":1,"column":17},"end":{"line":1,"column":46}},"1":{"start":{"line":2,"column":17},"end":{"line":2,"column":45}},"2":{"start":{"line":3,"column":21},"end":{"line":3,"column":53}},"3":{"start":{"line":4,"column":42},"end":{"line":4,"column":75}},"4":{"start":{"line":5,"column":31},"end":{"line":5,"column":60}},"5":{"start":{"line":6,"column":22},"end":{"line":6,"column":52}},"6":{"start":{"line":7,"column":15},"end":{"line":7,"column":41}},"7":{"start":{"line":15,"column":2},"end":{"line":17,"column":3}},"8":{"start":{"line":16,"column":4},"end":{"line":16,"column":87}},"9":{"start":{"line":20,"column":2},"end":{"line":25,"column":3}},"10":{"start":{"line":21,"column":4},"end":{"line":21,"column":38}},"11":{"start":{"line":23,"column":4},"end":{"line":23,"column":58}},"12":{"start":{"line":24,"column":4},"end":{"line":24,"column":96}},"13":{"start":{"line":27,"column":26},"end":{"line":30,"column":3}},"14":{"start":{"line":32,"column":2},"end":{"line":48,"column":5}},"15":{"start":{"line":52,"column":19},"end":{"line":61,"column":2}},"16":{"start":{"line":53,"column":19},"end":{"line":53,"column":27}},"17":{"start":{"line":54,"column":19},"end":{"line":59,"column":4}},"18":{"start":{"line":60,"column":2},"end":{"line":60,"column":33}},"19":{"start":{"line":64,"column":18},"end":{"line":79,"column":2}},"20":{"start":{"line":65,"column":18},"end":{"line":65,"column":26}},"21":{"start":{"line":67,"column":2},"end":{"line":71,"column":3}},"22":{"start":{"line":68,"column":4},"end":{"line":68,"column":32}},"23":{"start":{"line":70,"column":4},"end":{"line":70,"column":67}},"24":{"start":{"line":72,"column":19},"end":{"line":77,"column":4}},"25":{"start":{"line":78,"column":2},"end":{"line":78,"column":33}},"26":{"start":{"line":82,"column":18},"end":{"line":96,"column":2}},"27":{"start":{"line":84,"column":2},"end":{"line":88,"column":3}},"28":{"start":{"line":85,"column":4},"end":{"line":85,"column":53}},"29":{"start":{"line":87,"column":4},"end":{"line":87,"column":74}},"30":{"start":{"line":89,"column":19},"end":{"line":94,"column":4}},"31":{"start":{"line":95,"column":2},"end":{"line":95,"column":33}},"32":{"start":{"line":104,"column":20},"end":{"line":124,"column":2}},"33":{"start":{"line":105,"column":15},"end":{"line":105,"column":23}},"34":{"start":{"line":106,"column":17},"end":{"line":106,"column":45}},"35":{"start":{"line":109,"column":24},"end":{"line":115,"column":14}},"36":{"start":{"line":117,"column":19},"end":{"line":122,"column":4}},"37":{"start":{"line":123,"column":2},"end":{"line":123,"column":33}},"38":{"start":{"line":126,"column":16},"end":{"line":137,"column":2}},"39":{"start":{"line":127,"column":19},"end":{"line":127,"column":57}},"40":{"start":{"line":128,"column":2},"end":{"line":130,"column":3}},"41":{"start":{"line":129,"column":4},"end":{"line":129,"column":51}},"42":{"start":{"line":133,"column":2},"end":{"line":135,"column":3}},"43":{"start":{"line":134,"column":4},"end":{"line":134,"column":81}},"44":{"start":{"line":136,"column":2},"end":{"line":136,"column":33}},"45":{"start":{"line":139,"column":0},"end":{"line":139,"column":76}}},"fnMap":{"0":{"name":"runAndPersist","decl":{"start":{"line":14,"column":15},"end":{"line":14,"column":28}},"loc":{"start":{"line":14,"column":75},"end":{"line":49,"column":1}},"line":14},"1":{"name":"(anonymous_1)","decl":{"start":{"line":52,"column":32},"end":{"line":52,"column":33}},"loc":{"start":{"line":52,"column":52},"end":{"line":61,"column":1}},"line":52},"2":{"name":"(anonymous_2)","decl":{"start":{"line":64,"column":31},"end":{"line":64,"column":32}},"loc":{"start":{"line":64,"column":51},"end":{"line":79,"column":1}},"line":64},"3":{"name":"(anonymous_3)","decl":{"start":{"line":82,"column":31},"end":{"line":82,"column":32}},"loc":{"start":{"line":82,"column":51},"end":{"line":96,"column":1}},"line":82},"4":{"name":"(anonymous_4)","decl":{"start":{"line":104,"column":33},"end":{"line":104,"column":34}},"loc":{"start":{"line":104,"column":53},"end":{"line":124,"column":1}},"line":104},"5":{"name":"(anonymous_5)","decl":{"start":{"line":126,"column":29},"end":{"line":126,"column":30}},"loc":{"start":{"line":126,"column":49},"end":{"line":137,"column":1}},"line":126}},"branchMap":{"0":{"loc":{"start":{"line":15,"column":2},"end":{"line":17,"column":3}},"type":"if","locations":[{"start":{"line":15,"column":2},"end":{"line":17,"column":3}},{"start":{},"end":{}}],"line":15},"1":{"loc":{"start":{"line":15,"column":6},"end":{"line":15,"column":38}},"type":"binary-expr","locations":[{"start":{"line":15,"column":6},"end":{"line":15,"column":11}},{"start":{"line":15,"column":15},"end":{"line":15,"column":38}}],"line":15},"2":{"loc":{"start":{"line":24,"column":28},"end":{"line":24,"column":94}},"type":"binary-expr","locations":[{"start":{"line":24,"column":28},"end":{"line":24,"column":39}},{"start":{"line":24,"column":43},"end":{"line":24,"column":94}}],"line":24},"3":{"loc":{"start":{"line":33,"column":12},"end":{"line":33,"column":26}},"type":"binary-expr","locations":[{"start":{"line":33,"column":12},"end":{"line":33,"column":18}},{"start":{"line":33,"column":22},"end":{"line":33,"column":26}}],"line":33},"4":{"loc":{"start":{"line":128,"column":2},"end":{"line":130,"column":3}},"type":"if","locations":[{"start":{"line":128,"column":2},"end":{"line":130,"column":3}},{"start":{},"end":{}}],"line":128},"5":{"loc":{"start":{"line":133,"column":2},"end":{"line":135,"column":3}},"type":"if","locations":[{"start":{"line":133,"column":2},"end":{"line":135,"column":3}},{"start":{},"end":{}}],"line":133},"6":{"loc":{"start":{"line":133,"column":6},"end":{"line":133,"column":79}},"type":"binary-expr","locations":[{"start":{"line":133,"column":6},"end":{"line":133,"column":21}},{"start":{"line":133,"column":26},"end":{"line":133,"column":35}},{"start":{"line":133,"column":39},"end":{"line":133,"column":78}}],"line":133}},"s":{"0":6,"1":6,"2":6,"3":6,"4":6,"5":6,"6":6,"7":8,"8":6,"9":2,"10":2,"11":0,"12":0,"13":2,"14":2,"15":6,"16":8,"17":8,"18":2,"19":6,"20":1,"21":1,"22":1,"23":1,"24":0,"25":0,"26":6,"27":0,"28":0,"29":0,"30":0,"31":0,"32":6,"33":0,"34":0,"35":0,"36":0,"37":0,"38":6,"39":2,"40":2,"41":1,"42":1,"43":0,"44":1,"45":6},"f":{"0":8,"1":8,"2":1,"3":0,"4":0,"5":2},"b":{"0":[6,2],"1":[8,8],"2":[0,0],"3":[2,2],"4":[1,1],"5":[0,1],"6":[1,0,0]},"_coverageSchema":"1a1c01bbd47fc00a2c39e90264f33305004495a9","hash":"74c11872377b4a282e2576be137e0a56d17f9778"}
,"/Users/miteshreddy/Desktop/JOBSHEILD-XAI-main/backend/controllers/authController.js": {"path":"/Users/miteshreddy/Desktop/JOBSHEILD-XAI-main/backend/controllers/authController.js","statementMap":{"0":{"start":{"line":1,"column":15},"end":{"line":1,"column":32}},"1":{"start":{"line":2,"column":13},"end":{"line":2,"column":38}},"2":{"start":{"line":3,"column":17},"end":{"line":3,"column":45}},"3":{"start":{"line":4,"column":21},"end":{"line":4,"column":53}},"4":{"start":{"line":5,"column":66},"end":{"line":5,"column":89}},"5":{"start":{"line":6,"column":12},"end":{"line":6,"column":36}},"6":{"start":{"line":8,"column":22},"end":{"line":8,"column":24}},"7":{"start":{"line":13,"column":28},"end":{"line":13,"column":42}},"8":{"start":{"line":14,"column":29},"end":{"line":20,"column":1}},"9":{"start":{"line":23,"column":22},"end":{"line":23,"column":43}},"10":{"start":{"line":24,"column":23},"end":{"line":24,"column":45}},"11":{"start":{"line":25,"column":2},"end":{"line":25,"column":70}},"12":{"start":{"line":26,"column":2},"end":{"line":26,"column":21}},"13":{"start":{"line":30,"column":17},"end":{"line":43,"column":2}},"14":{"start":{"line":31,"column":36},"end":{"line":31,"column":44}},"15":{"start":{"line":33,"column":19},"end":{"line":33,"column":69}},"16":{"start":{"line":34,"column":2},"end":{"line":36,"column":3}},"17":{"start":{"line":35,"column":4},"end":{"line":35,"column":74}},"18":{"start":{"line":38,"column":23},"end":{"line":38,"column":65}},"19":{"start":{"line":39,"column":15},"end":{"line":39,"column":63}},"20":{"start":{"line":41,"column":22},"end":{"line":41,"column":44}},"21":{"start":{"line":42,"column":2},"end":{"line":42,"column":46}},"22":{"start":{"line":45,"column":14},"end":{"line":59,"column":2}},"23":{"start":{"line":46,"column":30},"end":{"line":46,"column":38}},"24":{"start":{"line":48,"column":15},"end":{"line":48,"column":65}},"25":{"start":{"line":49,"column":2},"end":{"line":51,"column":3}},"26":{"start":{"line":50,"column":4},"end":{"line":50,"column":58}},"27":{"start":{"line":52,"column":26},"end":{"line":52,"column":75}},"28":{"start":{"line":53,"column":2},"end":{"line":55,"column":3}},"29":{"start":{"line":54,"column":4},"end":{"line":54,"column":58}},"30":{"start":{"line":57,"column":22},"end":{"line":57,"column":44}},"31":{"start":{"line":58,"column":2},"end":{"line":58,"column":46}},"32":{"start":{"line":61,"column":16},"end":{"line":81,"column":2}},"33":{"start":{"line":62,"column":16},"end":{"line":62,"column":50}},"34":{"start":{"line":63,"column":2},"end":{"line":65,"column":3}},"35":{"start":{"line":64,"column":4},"end":{"line":64,"column":58}},"36":{"start":{"line":68,"column":2},"end":{"line":72,"column":3}},"37":{"start":{"line":69,"column":4},"end":{"line":69,"column":40}},"38":{"start":{"line":71,"column":4},"end":{"line":71,"column":68}},"39":{"start":{"line":74,"column":15},"end":{"line":74,"column":47}},"40":{"start":{"line":75,"column":2},"end":{"line":77,"column":3}},"41":{"start":{"line":76,"column":4},"end":{"line":76,"column":63}},"42":{"start":{"line":79,"column":22},"end":{"line":79,"column":44}},"43":{"start":{"line":80,"column":2},"end":{"line":80,"column":40}},"44":{"start":{"line":83,"column":15},"end":{"line":86,"column":2}},"45":{"start":{"line":84,"column":2},"end":{"line":84,"column":62}},"46":{"start":{"line":85,"column":2},"end":{"line":85,"column":25}},"47":{"start":{"line":89,"column":18},"end":{"line":93,"column":2}},"48":{"start":{"line":90,"column":2},"end":{"line":90,"column":75}},"49":{"start":{"line":91,"column":2},"end":{"line":91,"column":62}},"50":{"start":{"line":92,"column":2},"end":{"line":92,"column":25}},"51":{"start":{"line":95,"column":11},"end":{"line":101,"column":2}},"52":{"start":{"line":96,"column":15},"end":{"line":96,"column":47}},"53":{"start":{"line":97,"column":2},"end":{"line":99,"column":3}},"54":{"start":{"line":98,"column":4},"end":{"line":98,"column":47}},"55":{"start":{"line":100,"column":2},"end":{"line":100,"column":33}},"56":{"start":{"line":103,"column":0},"end":{"line":103,"column":69}}},"fnMap":{"0":{"name":"issueTokens","decl":{"start":{"line":22,"column":9},"end":{"line":22,"column":20}},"loc":{"start":{"line":22,"column":32},"end":{"line":27,"column":1}},"line":22},"1":{"name":"(anonymous_1)","decl":{"start":{"line":30,"column":30},"end":{"line":30,"column":31}},"loc":{"start":{"line":30,"column":50},"end":{"line":43,"column":1}},"line":30},"2":{"name":"(anonymous_2)","decl":{"start":{"line":45,"column":27},"end":{"line":45,"column":28}},"loc":{"start":{"line":45,"column":47},"end":{"line":59,"column":1}},"line":45},"3":{"name":"(anonymous_3)","decl":{"start":{"line":61,"column":29},"end":{"line":61,"column":30}},"loc":{"start":{"line":61,"column":49},"end":{"line":81,"column":1}},"line":61},"4":{"name":"(anonymous_4)","decl":{"start":{"line":83,"column":28},"end":{"line":83,"column":29}},"loc":{"start":{"line":83,"column":48},"end":{"line":86,"column":1}},"line":83},"5":{"name":"(anonymous_5)","decl":{"start":{"line":89,"column":31},"end":{"line":89,"column":32}},"loc":{"start":{"line":89,"column":51},"end":{"line":93,"column":1}},"line":89},"6":{"name":"(anonymous_6)","decl":{"start":{"line":95,"column":24},"end":{"line":95,"column":25}},"loc":{"start":{"line":95,"column":44},"end":{"line":101,"column":1}},"line":95}},"branchMap":{"0":{"loc":{"start":{"line":34,"column":2},"end":{"line":36,"column":3}},"type":"if","locations":[{"start":{"line":34,"column":2},"end":{"line":36,"column":3}},{"start":{},"end":{}}],"line":34},"1":{"loc":{"start":{"line":49,"column":2},"end":{"line":51,"column":3}},"type":"if","locations":[{"start":{"line":49,"column":2},"end":{"line":51,"column":3}},{"start":{},"end":{}}],"line":49},"2":{"loc":{"start":{"line":53,"column":2},"end":{"line":55,"column":3}},"type":"if","locations":[{"start":{"line":53,"column":2},"end":{"line":55,"column":3}},{"start":{},"end":{}}],"line":53},"3":{"loc":{"start":{"line":63,"column":2},"end":{"line":65,"column":3}},"type":"if","locations":[{"start":{"line":63,"column":2},"end":{"line":65,"column":3}},{"start":{},"end":{}}],"line":63},"4":{"loc":{"start":{"line":75,"column":2},"end":{"line":77,"column":3}},"type":"if","locations":[{"start":{"line":75,"column":2},"end":{"line":77,"column":3}},{"start":{},"end":{}}],"line":75},"5":{"loc":{"start":{"line":75,"column":6},"end":{"line":75,"column":57}},"type":"binary-expr","locations":[{"start":{"line":75,"column":6},"end":{"line":75,"column":11}},{"start":{"line":75,"column":15},"end":{"line":75,"column":57}}],"line":75},"6":{"loc":{"start":{"line":97,"column":2},"end":{"line":99,"column":3}},"type":"if","locations":[{"start":{"line":97,"column":2},"end":{"line":99,"column":3}},{"start":{},"end":{}}],"line":97}},"s":{"0":6,"1":6,"2":6,"3":6,"4":6,"5":6,"6":6,"7":6,"8":6,"9":16,"10":16,"11":16,"12":16,"13":6,"14":13,"15":13,"16":13,"17":1,"18":12,"19":12,"20":12,"21":12,"22":6,"23":4,"24":4,"25":4,"26":0,"27":4,"28":4,"29":1,"30":3,"31":3,"32":6,"33":2,"34":2,"35":0,"36":2,"37":2,"38":0,"39":2,"40":2,"41":1,"42":1,"43":1,"44":6,"45":0,"46":0,"47":6,"48":1,"49":1,"50":1,"51":6,"52":1,"53":1,"54":0,"55":1,"56":6},"f":{"0":16,"1":13,"2":4,"3":2,"4":0,"5":1,"6":1},"b":{"0":[1,12],"1":[0,4],"2":[1,3],"3":[0,2],"4":[1,1],"5":[2,2],"6":[0,1]},"_coverageSchema":"1a1c01bbd47fc00a2c39e90264f33305004495a9","hash":"fc56c726ebb95795379a69cb8867ecb75eefb619"}
,"/Users/miteshreddy/Desktop/JOBSHEILD-XAI-main/backend/controllers/historyController.js": {"path":"/Users/miteshreddy/Desktop/JOBSHEILD-XAI-main/backend/controllers/historyController.js","statementMap":{"0":{"start":{"line":1,"column":17},"end":{"line":1,"column":46}},"1":{"start":{"line":2,"column":21},"end":{"line":2,"column":53}},"2":{"start":{"line":4,"column":28},"end":{"line":4,"column":66}},"3":{"start":{"line":9,"column":20},"end":{"line":35,"column":2}},"4":{"start":{"line":10,"column":87},"end":{"line":10,"column":96}},"5":{"start":{"line":12,"column":17},"end":{"line":12,"column":40}},"6":{"start":{"line":13,"column":2},"end":{"line":15,"column":3}},"7":{"start":{"line":14,"column":4},"end":{"line":14,"column":39}},"8":{"start":{"line":17,"column":20},"end":{"line":17,"column":74}},"9":{"start":{"line":18,"column":24},"end":{"line":18,"column":48}},"10":{"start":{"line":20,"column":18},"end":{"line":20,"column":54}},"11":{"start":{"line":21,"column":19},"end":{"line":21,"column":72}},"12":{"start":{"line":23,"column":28},"end":{"line":29,"column":4}},"13":{"start":{"line":31,"column":2},"end":{"line":34,"column":5}},"14":{"start":{"line":37,"column":0},"end":{"line":37,"column":33}}},"fnMap":{"0":{"name":"(anonymous_0)","decl":{"start":{"line":9,"column":33},"end":{"line":9,"column":34}},"loc":{"start":{"line":9,"column":53},"end":{"line":35,"column":1}},"line":9}},"branchMap":{"0":{"loc":{"start":{"line":10,"column":24},"end":{"line":10,"column":44}},"type":"default-arg","locations":[{"start":{"line":10,"column":33},"end":{"line":10,"column":44}}],"line":10},"1":{"loc":{"start":{"line":10,"column":46},"end":{"line":10,"column":60}},"type":"default-arg","locations":[{"start":{"line":10,"column":54},"end":{"line":10,"column":60}}],"line":10},"2":{"loc":{"start":{"line":10,"column":62},"end":{"line":10,"column":70}},"type":"default-arg","locations":[{"start":{"line":10,"column":69},"end":{"line":10,"column":70}}],"line":10},"3":{"loc":{"start":{"line":10,"column":72},"end":{"line":10,"column":82}},"type":"default-arg","locations":[{"start":{"line":10,"column":80},"end":{"line":10,"column":82}}],"line":10},"4":{"loc":{"start":{"line":13,"column":2},"end":{"line":15,"column":3}},"type":"if","locations":[{"start":{"line":13,"column":2},"end":{"line":15,"column":3}},{"start":{},"end":{}}],"line":13},"5":{"loc":{"start":{"line":17,"column":20},"end":{"line":17,"column":74}},"type":"cond-expr","locations":[{"start":{"line":17,"column":54},"end":{"line":17,"column":60}},{"start":{"line":17,"column":63},"end":{"line":17,"column":74}}],"line":17},"6":{"loc":{"start":{"line":18,"column":24},"end":{"line":18,"column":48}},"type":"cond-expr","locations":[{"start":{"line":18,"column":42},"end":{"line":18,"column":43}},{"start":{"line":18,"column":46},"end":{"line":18,"column":48}}],"line":18},"7":{"loc":{"start":{"line":20,"column":30},"end":{"line":20,"column":53}},"type":"binary-expr","locations":[{"start":{"line":20,"column":30},"end":{"line":20,"column":48}},{"start":{"line":20,"column":52},"end":{"line":20,"column":53}}],"line":20},"8":{"loc":{"start":{"line":21,"column":45},"end":{"line":21,"column":70}},"type":"binary-expr","locations":[{"start":{"line":21,"column":45},"end":{"line":21,"column":64}},{"start":{"line":21,"column":68},"end":{"line":21,"column":70}}],"line":21}},"s":{"0":6,"1":6,"2":6,"3":6,"4":2,"5":2,"6":2,"7":1,"8":2,"9":2,"10":2,"11":2,"12":2,"13":2,"14":6},"f":{"0":2},"b":{"0":[2],"1":[2],"2":[2],"3":[2],"4":[1,1],"5":[2,0],"6":[0,2],"7":[2,0],"8":[2,0]},"_coverageSchema":"1a1c01bbd47fc00a2c39e90264f33305004495a9","hash":"95fa3b03f099107c65903336d025c4a096901f59"}
,"/Users/miteshreddy/Desktop/JOBSHEILD-XAI-main/backend/middleware/auth.js": {"path":"/Users/miteshreddy/Desktop/JOBSHEILD-XAI-main/backend/middleware/auth.js","statementMap":{"0":{"start":{"line":1,"column":17},"end":{"line":1,"column":45}},"1":{"start":{"line":2,"column":30},"end":{"line":2,"column":53}},"2":{"start":{"line":8,"column":17},"end":{"line":8,"column":42}},"3":{"start":{"line":9,"column":2},"end":{"line":12,"column":3}},"4":{"start":{"line":10,"column":4},"end":{"line":10,"column":20}},"5":{"start":{"line":11,"column":4},"end":{"line":11,"column":18}},"6":{"start":{"line":13,"column":2},"end":{"line":18,"column":3}},"7":{"start":{"line":14,"column":20},"end":{"line":14,"column":69}},"8":{"start":{"line":15,"column":4},"end":{"line":15,"column":55}},"9":{"start":{"line":17,"column":4},"end":{"line":17,"column":20}},"10":{"start":{"line":19,"column":2},"end":{"line":19,"column":9}},"11":{"start":{"line":23,"column":2},"end":{"line":25,"column":3}},"12":{"start":{"line":24,"column":4},"end":{"line":24,"column":56}},"13":{"start":{"line":26,"column":2},"end":{"line":26,"column":9}},"14":{"start":{"line":30,"column":2},"end":{"line":35,"column":4}},"15":{"start":{"line":31,"column":4},"end":{"line":33,"column":5}},"16":{"start":{"line":32,"column":6},"end":{"line":32,"column":84}},"17":{"start":{"line":34,"column":4},"end":{"line":34,"column":11}},"18":{"start":{"line":38,"column":0},"end":{"line":38,"column":67}}},"fnMap":{"0":{"name":"attachUserIfPresent","decl":{"start":{"line":7,"column":9},"end":{"line":7,"column":28}},"loc":{"start":{"line":7,"column":46},"end":{"line":20,"column":1}},"line":7},"1":{"name":"requireAuth","decl":{"start":{"line":22,"column":9},"end":{"line":22,"column":20}},"loc":{"start":{"line":22,"column":38},"end":{"line":27,"column":1}},"line":22},"2":{"name":"requireRole","decl":{"start":{"line":29,"column":9},"end":{"line":29,"column":20}},"loc":{"start":{"line":29,"column":31},"end":{"line":36,"column":1}},"line":29},"3":{"name":"(anonymous_3)","decl":{"start":{"line":30,"column":9},"end":{"line":30,"column":10}},"loc":{"start":{"line":30,"column":30},"end":{"line":35,"column":3}},"line":30}},"branchMap":{"0":{"loc":{"start":{"line":9,"column":2},"end":{"line":12,"column":3}},"type":"if","locations":[{"start":{"line":9,"column":2},"end":{"line":12,"column":3}},{"start":{},"end":{}}],"line":9},"1":{"loc":{"start":{"line":9,"column":6},"end":{"line":9,"column":46}},"type":"binary-expr","locations":[{"start":{"line":9,"column":6},"end":{"line":9,"column":13}},{"start":{"line":9,"column":17},"end":{"line":9,"column":46}}],"line":9},"2":{"loc":{"start":{"line":23,"column":2},"end":{"line":25,"column":3}},"type":"if","locations":[{"start":{"line":23,"column":2},"end":{"line":25,"column":3}},{"start":{},"end":{}}],"line":23},"3":{"loc":{"start":{"line":31,"column":4},"end":{"line":33,"column":5}},"type":"if","locations":[{"start":{"line":31,"column":4},"end":{"line":33,"column":5}},{"start":{},"end":{}}],"line":31},"4":{"loc":{"start":{"line":31,"column":8},"end":{"line":31,"column":51}},"type":"binary-expr","locations":[{"start":{"line":31,"column":8},"end":{"line":31,"column":17}},{"start":{"line":31,"column":21},"end":{"line":31,"column":51}}],"line":31}},"s":{"0":6,"1":6,"2":46,"3":46,"4":34,"5":34,"6":12,"7":12,"8":12,"9":0,"10":12,"11":10,"12":3,"13":7,"14":6,"15":3,"16":1,"17":2,"18":6},"f":{"0":46,"1":10,"2":6,"3":3},"b":{"0":[34,12],"1":[46,12],"2":[3,7],"3":[1,2],"4":[3,3]},"_coverageSchema":"1a1c01bbd47fc00a2c39e90264f33305004495a9","hash":"a2f9a71a5a00f49709b9eb82f77dcc7c2eba7849"}
,"/Users/miteshreddy/Desktop/JOBSHEILD-XAI-main/backend/middleware/errorHandler.js": {"path":"/Users/miteshreddy/Desktop/JOBSHEILD-XAI-main/backend/middleware/errorHandler.js","statementMap":{"0":{"start":{"line":1,"column":15},"end":{"line":1,"column":41}},"1":{"start":{"line":2,"column":17},"end":{"line":2,"column":45}},"2":{"start":{"line":7,"column":21},"end":{"line":7,"column":44}},"3":{"start":{"line":8,"column":21},"end":{"line":8,"column":54}},"4":{"start":{"line":9,"column":18},"end":{"line":9,"column":76}},"5":{"start":{"line":11,"column":2},"end":{"line":15,"column":3}},"6":{"start":{"line":12,"column":4},"end":{"line":14,"column":7}},"7":{"start":{"line":17,"column":2},"end":{"line":21,"column":5}},"8":{"start":{"line":25,"column":2},"end":{"line":25,"column":100}},"9":{"start":{"line":28,"column":0},"end":{"line":28,"column":51}}},"fnMap":{"0":{"name":"errorHandler","decl":{"start":{"line":6,"column":9},"end":{"line":6,"column":21}},"loc":{"start":{"line":6,"column":44},"end":{"line":22,"column":1}},"line":6},"1":{"name":"notFoundHandler","decl":{"start":{"line":24,"column":9},"end":{"line":24,"column":24}},"loc":{"start":{"line":24,"column":35},"end":{"line":26,"column":1}},"line":24}},"branchMap":{"0":{"loc":{"start":{"line":8,"column":21},"end":{"line":8,"column":54}},"type":"cond-expr","locations":[{"start":{"line":8,"column":34},"end":{"line":8,"column":48}},{"start":{"line":8,"column":51},"end":{"line":8,"column":54}}],"line":8},"1":{"loc":{"start":{"line":9,"column":18},"end":{"line":9,"column":76}},"type":"cond-expr","locations":[{"start":{"line":9,"column":31},"end":{"line":9,"column":42}},{"start":{"line":9,"column":45},"end":{"line":9,"column":76}}],"line":9},"2":{"loc":{"start":{"line":11,"column":2},"end":{"line":15,"column":3}},"type":"if","locations":[{"start":{"line":11,"column":2},"end":{"line":15,"column":3}},{"start":{},"end":{}}],"line":11},"3":{"loc":{"start":{"line":20,"column":8},"end":{"line":20,"column":65}},"type":"cond-expr","locations":[{"start":{"line":20,"column":36},"end":{"line":20,"column":60}},{"start":{"line":20,"column":63},"end":{"line":20,"column":65}}],"line":20},"4":{"loc":{"start":{"line":20,"column":8},"end":{"line":20,"column":33}},"type":"binary-expr","locations":[{"start":{"line":20,"column":8},"end":{"line":20,"column":18}},{"start":{"line":20,"column":22},"end":{"line":20,"column":33}}],"line":20}},"s":{"0":6,"1":6,"2":19,"3":19,"4":19,"5":19,"6":0,"7":19,"8":0,"9":6},"f":{"0":19,"1":0},"b":{"0":[19,0],"1":[19,0],"2":[0,19],"3":[4,15],"4":[19,19]},"_coverageSchema":"1a1c01bbd47fc00a2c39e90264f33305004495a9","hash":"7bd7cc5d1cd2ab91bd6ae5893684ad3ff6feddf6"}
,"/Users/miteshreddy/Desktop/JOBSHEILD-XAI-main/backend/middleware/rateLimiter.js": {"path":"/Users/miteshreddy/Desktop/JOBSHEILD-XAI-main/backend/middleware/rateLimiter.js","statementMap":{"0":{"start":{"line":1,"column":18},"end":{"line":1,"column":47}},"1":{"start":{"line":2,"column":12},"end":{"line":2,"column":36}},"2":{"start":{"line":6,"column":23},"end":{"line":12,"column":2}},"3":{"start":{"line":14,"column":20},"end":{"line":20,"column":2}},"4":{"start":{"line":22,"column":0},"end":{"line":22,"column":49}}},"fnMap":{},"branchMap":{},"s":{"0":6,"1":6,"2":6,"3":6,"4":6},"f":{},"b":{},"_coverageSchema":"1a1c01bbd47fc00a2c39e90264f33305004495a9","hash":"e062d951d24a7a2b79ee2cac0357850414b2924a"}
,"/Users/miteshreddy/Desktop/JOBSHEILD-XAI-main/backend/middleware/upload.js": {"path":"/Users/miteshreddy/Desktop/JOBSHEILD-XAI-main/backend/middleware/upload.js","statementMap":{"0":{"start":{"line":1,"column":15},"end":{"line":1,"column":32}},"1":{"start":{"line":2,"column":17},"end":{"line":2,"column":45}},"2":{"start":{"line":3,"column":12},"end":{"line":3,"column":36}},"3":{"start":{"line":5,"column":16},"end":{"line":5,"column":38}},"4":{"start":{"line":7,"column":18},"end":{"line":13,"column":17}},"5":{"start":{"line":11,"column":4},"end":{"line":11,"column":50}},"6":{"start":{"line":15,"column":20},"end":{"line":21,"column":17}},"7":{"start":{"line":19,"column":4},"end":{"line":19,"column":49}},"8":{"start":{"line":24,"column":2},"end":{"line":38,"column":4}},"9":{"start":{"line":25,"column":4},"end":{"line":37,"column":7}},"10":{"start":{"line":26,"column":6},"end":{"line":31,"column":7}},"11":{"start":{"line":27,"column":8},"end":{"line":29,"column":9}},"12":{"start":{"line":28,"column":10},"end":{"line":28,"column":92}},"13":{"start":{"line":30,"column":8},"end":{"line":30,"column":71}},"14":{"start":{"line":32,"column":6},"end":{"line":32,"column":32}},"15":{"start":{"line":32,"column":15},"end":{"line":32,"column":32}},"16":{"start":{"line":33,"column":6},"end":{"line":35,"column":7}},"17":{"start":{"line":34,"column":8},"end":{"line":34,"column":92}},"18":{"start":{"line":36,"column":6},"end":{"line":36,"column":13}},"19":{"start":{"line":44,"column":2},"end":{"line":60,"column":4}},"20":{"start":{"line":45,"column":4},"end":{"line":59,"column":5}},"21":{"start":{"line":46,"column":37},"end":{"line":46,"column":62}},"22":{"start":{"line":47,"column":23},"end":{"line":47,"column":64}},"23":{"start":{"line":48,"column":22},"end":{"line":48,"column":95}},"24":{"start":{"line":48,"column":67},"end":{"line":48,"column":94}},"25":{"start":{"line":49,"column":6},"end":{"line":55,"column":7}},"26":{"start":{"line":50,"column":8},"end":{"line":54,"column":10}},"27":{"start":{"line":56,"column":6},"end":{"line":56,"column":13}},"28":{"start":{"line":58,"column":6},"end":{"line":58,"column":16}},"29":{"start":{"line":63,"column":0},"end":{"line":66,"column":2}}},"fnMap":{"0":{"name":"(anonymous_0)","decl":{"start":{"line":10,"column":14},"end":{"line":10,"column":15}},"loc":{"start":{"line":10,"column":34},"end":{"line":12,"column":3}},"line":10},"1":{"name":"(anonymous_1)","decl":{"start":{"line":18,"column":14},"end":{"line":18,"column":15}},"loc":{"start":{"line":18,"column":34},"end":{"line":20,"column":3}},"line":18},"2":{"name":"wrapMulter","decl":{"start":{"line":23,"column":9},"end":{"line":23,"column":19}},"loc":{"start":{"line":23,"column":50},"end":{"line":39,"column":1}},"line":23},"3":{"name":"(anonymous_3)","decl":{"start":{"line":24,"column":9},"end":{"line":24,"column":10}},"loc":{"start":{"line":24,"column":29},"end":{"line":38,"column":3}},"line":24},"4":{"name":"(anonymous_4)","decl":{"start":{"line":25,"column":31},"end":{"line":25,"column":32}},"loc":{"start":{"line":25,"column":40},"end":{"line":37,"column":5}},"line":25},"5":{"name":"verifyFileSignature","decl":{"start":{"line":43,"column":9},"end":{"line":43,"column":28}},"loc":{"start":{"line":43,"column":51},"end":{"line":61,"column":1}},"line":43},"6":{"name":"(anonymous_6)","decl":{"start":{"line":44,"column":9},"end":{"line":44,"column":10}},"loc":{"start":{"line":44,"column":36},"end":{"line":60,"column":3}},"line":44},"7":{"name":"(anonymous_7)","decl":{"start":{"line":48,"column":60},"end":{"line":48,"column":61}},"loc":{"start":{"line":48,"column":67},"end":{"line":48,"column":94}},"line":48}},"branchMap":{"0":{"loc":{"start":{"line":26,"column":6},"end":{"line":31,"column":7}},"type":"if","locations":[{"start":{"line":26,"column":6},"end":{"line":31,"column":7}},{"start":{},"end":{}}],"line":26},"1":{"loc":{"start":{"line":27,"column":8},"end":{"line":29,"column":9}},"type":"if","locations":[{"start":{"line":27,"column":8},"end":{"line":29,"column":9}},{"start":{},"end":{}}],"line":27},"2":{"loc":{"start":{"line":32,"column":6},"end":{"line":32,"column":32}},"type":"if","locations":[{"start":{"line":32,"column":6},"end":{"line":32,"column":32}},{"start":{},"end":{}}],"line":32},"3":{"loc":{"start":{"line":33,"column":6},"end":{"line":35,"column":7}},"type":"if","locations":[{"start":{"line":33,"column":6},"end":{"line":35,"column":7}},{"start":{},"end":{}}],"line":33},"4":{"loc":{"start":{"line":48,"column":22},"end":{"line":48,"column":95}},"type":"binary-expr","locations":[{"start":{"line":48,"column":22},"end":{"line":48,"column":30}},{"start":{"line":48,"column":34},"end":{"line":48,"column":95}}],"line":48},"5":{"loc":{"start":{"line":49,"column":6},"end":{"line":55,"column":7}},"type":"if","locations":[{"start":{"line":49,"column":6},"end":{"line":55,"column":7}},{"start":{},"end":{}}],"line":49}},"s":{"0":6,"1":6,"2":6,"3":6,"4":6,"5":0,"6":6,"7":0,"8":12,"9":0,"10":0,"11":0,"12":0,"13":0,"14":0,"15":0,"16":0,"17":0,"18":0,"19":12,"20":0,"21":0,"22":0,"23":0,"24":0,"25":0,"26":0,"27":0,"28":0,"29":6},"f":{"0":0,"1":0,"2":12,"3":0,"4":0,"5":12,"6":0,"7":0},"b":{"0":[0,0],"1":[0,0],"2":[0,0],"3":[0,0],"4":[0,0],"5":[0,0]},"_coverageSchema":"1a1c01bbd47fc00a2c39e90264f33305004495a9","hash":"b07984aa8e43c521856c77cce029e6a478a9397c"}
,"/Users/miteshreddy/Desktop/JOBSHEILD-XAI-main/backend/middleware/validate.js": {"path":"/Users/miteshreddy/Desktop/JOBSHEILD-XAI-main/backend/middleware/validate.js","statementMap":{"0":{"start":{"line":1,"column":29},"end":{"line":1,"column":57}},"1":{"start":{"line":2,"column":17},"end":{"line":2,"column":45}},"2":{"start":{"line":7,"column":17},"end":{"line":7,"column":38}},"3":{"start":{"line":8,"column":2},"end":{"line":13,"column":3}},"4":{"start":{"line":9,"column":4},"end":{"line":12,"column":9}},"5":{"start":{"line":9,"column":77},"end":{"line":12,"column":5}},"6":{"start":{"line":14,"column":2},"end":{"line":14,"column":9}},"7":{"start":{"line":17,"column":0},"end":{"line":17,"column":26}}},"fnMap":{"0":{"name":"validate","decl":{"start":{"line":6,"column":9},"end":{"line":6,"column":17}},"loc":{"start":{"line":6,"column":35},"end":{"line":15,"column":1}},"line":6},"1":{"name":"(anonymous_1)","decl":{"start":{"line":9,"column":69},"end":{"line":9,"column":70}},"loc":{"start":{"line":9,"column":77},"end":{"line":12,"column":5}},"line":9}},"branchMap":{"0":{"loc":{"start":{"line":8,"column":2},"end":{"line":13,"column":3}},"type":"if","locations":[{"start":{"line":8,"column":2},"end":{"line":13,"column":3}},{"start":{},"end":{}}],"line":8}},"s":{"0":6,"1":6,"2":32,"3":32,"4":4,"5":4,"6":28,"7":6},"f":{"0":32,"1":4},"b":{"0":[4,28]},"_coverageSchema":"1a1c01bbd47fc00a2c39e90264f33305004495a9","hash":"e668b214094782902658de3a42d5b2893d4dc97e"}
,"/Users/miteshreddy/Desktop/JOBSHEILD-XAI-main/backend/models/Analysis.js": {"path":"/Users/miteshreddy/Desktop/JOBSHEILD-XAI-main/backend/models/Analysis.js","statementMap":{"0":{"start":{"line":1,"column":17},"end":{"line":1,"column":36}},"1":{"start":{"line":4,"column":23},"end":{"line":33,"column":1}},"2":{"start":{"line":35,"column":0},"end":{"line":35,"column":51}},"3":{"start":{"line":36,"column":0},"end":{"line":36,"column":42}},"4":{"start":{"line":38,"column":0},"end":{"line":38,"column":60}}},"fnMap":{},"branchMap":{},"s":{"0":6,"1":6,"2":6,"3":6,"4":6},"f":{},"b":{},"_coverageSchema":"1a1c01bbd47fc00a2c39e90264f33305004495a9","hash":"90ec19afa48befe2b5e833bd16fb35accdf1c262"}
,"/Users/miteshreddy/Desktop/JOBSHEILD-XAI-main/backend/models/User.js": {"path":"/Users/miteshreddy/Desktop/JOBSHEILD-XAI-main/backend/models/User.js","statementMap":{"0":{"start":{"line":1,"column":17},"end":{"line":1,"column":36}},"1":{"start":{"line":6,"column":19},"end":{"line":22,"column":1}},"2":{"start":{"line":24,"column":0},"end":{"line":31,"column":3}},"3":{"start":{"line":26,"column":4},"end":{"line":26,"column":28}},"4":{"start":{"line":27,"column":4},"end":{"line":27,"column":28}},"5":{"start":{"line":28,"column":4},"end":{"line":28,"column":19}},"6":{"start":{"line":29,"column":4},"end":{"line":29,"column":15}},"7":{"start":{"line":33,"column":0},"end":{"line":33,"column":52}}},"fnMap":{"0":{"name":"(anonymous_0)","decl":{"start":{"line":25,"column":13},"end":{"line":25,"column":14}},"loc":{"start":{"line":25,"column":28},"end":{"line":30,"column":3}},"line":25}},"branchMap":{},"s":{"0":6,"1":6,"2":6,"3":17,"4":17,"5":17,"6":17,"7":6},"f":{"0":17},"b":{},"_coverageSchema":"1a1c01bbd47fc00a2c39e90264f33305004495a9","hash":"1e4bcc6c23965442c8f8b0a3c3abf5972f85c8c6"}
,"/Users/miteshreddy/Desktop/JOBSHEILD-XAI-main/backend/utils/ApiError.js": {"path":"/Users/miteshreddy/Desktop/JOBSHEILD-XAI-main/backend/utils/ApiError.js","statementMap":{"0":{"start":{"line":6,"column":4},"end":{"line":6,"column":19}},"1":{"start":{"line":7,"column":4},"end":{"line":7,"column":33}},"2":{"start":{"line":8,"column":4},"end":{"line":8,"column":27}},"3":{"start":{"line":9,"column":4},"end":{"line":9,"column":44}},"4":{"start":{"line":13,"column":0},"end":{"line":13,"column":26}}},"fnMap":{"0":{"name":"(anonymous_0)","decl":{"start":{"line":5,"column":2},"end":{"line":5,"column":3}},"loc":{"start":{"line":5,"column":56},"end":{"line":10,"column":3}},"line":5}},"branchMap":{"0":{"loc":{"start":{"line":5,"column":35},"end":{"line":5,"column":54}},"type":"default-arg","locations":[{"start":{"line":5,"column":45},"end":{"line":5,"column":54}}],"line":5}},"s":{"0":20,"1":20,"2":20,"3":20,"4":9},"f":{"0":20},"b":{"0":[16]},"_coverageSchema":"1a1c01bbd47fc00a2c39e90264f33305004495a9","hash":"e8d7809ee17f3f108dc53a5adbf8c6818d3e88d3"}
,"/Users/miteshreddy/Desktop/JOBSHEILD-XAI-main/backend/utils/aiServiceClient.js": {"path":"/Users/miteshreddy/Desktop/JOBSHEILD-XAI-main/backend/utils/aiServiceClient.js","statementMap":{"0":{"start":{"line":1,"column":14},"end":{"line":1,"column":30}},"1":{"start":{"line":2,"column":17},"end":{"line":2,"column":37}},"2":{"start":{"line":3,"column":12},"end":{"line":3,"column":36}},"3":{"start":{"line":4,"column":17},"end":{"line":4,"column":38}},"4":{"start":{"line":5,"column":15},"end":{"line":5,"column":34}},"5":{"start":{"line":7,"column":15},"end":{"line":7,"column":95}},"6":{"start":{"line":12,"column":2},"end":{"line":14,"column":3}},"7":{"start":{"line":13,"column":4},"end":{"line":13,"column":99}},"8":{"start":{"line":15,"column":2},"end":{"line":17,"column":3}},"9":{"start":{"line":16,"column":4},"end":{"line":16,"column":92}},"10":{"start":{"line":18,"column":26},"end":{"line":18,"column":94}},"11":{"start":{"line":19,"column":2},"end":{"line":19,"column":96}},"12":{"start":{"line":23,"column":2},"end":{"line":29,"column":3}},"13":{"start":{"line":24,"column":21},"end":{"line":24,"column":72}},"14":{"start":{"line":25,"column":4},"end":{"line":25,"column":16}},"15":{"start":{"line":27,"column":4},"end":{"line":27,"column":66}},"16":{"start":{"line":28,"column":4},"end":{"line":28,"column":58}},"17":{"start":{"line":33,"column":2},"end":{"line":39,"column":3}},"18":{"start":{"line":34,"column":21},"end":{"line":34,"column":70}},"19":{"start":{"line":35,"column":4},"end":{"line":35,"column":16}},"20":{"start":{"line":37,"column":4},"end":{"line":37,"column":65}},"21":{"start":{"line":38,"column":4},"end":{"line":38,"column":70}},"22":{"start":{"line":43,"column":2},"end":{"line":51,"column":3}},"23":{"start":{"line":44,"column":17},"end":{"line":44,"column":31}},"24":{"start":{"line":45,"column":4},"end":{"line":45,"column":69}},"25":{"start":{"line":46,"column":21},"end":{"line":46,"column":86}},"26":{"start":{"line":47,"column":4},"end":{"line":47,"column":16}},"27":{"start":{"line":49,"column":4},"end":{"line":49,"column":66}},"28":{"start":{"line":50,"column":4},"end":{"line":50,"column":35}},"29":{"start":{"line":54,"column":19},"end":{"line":55,"column":102}},"30":{"start":{"line":55,"column":2},"end":{"line":55,"column":102}},"31":{"start":{"line":57,"column":21},"end":{"line":58,"column":94}},"32":{"start":{"line":58,"column":2},"end":{"line":58,"column":94}},"33":{"start":{"line":60,"column":0},"end":{"line":60,"column":71}}},"fnMap":{"0":{"name":"toApiError","decl":{"start":{"line":11,"column":9},"end":{"line":11,"column":19}},"loc":{"start":{"line":11,"column":34},"end":{"line":20,"column":1}},"line":11},"1":{"name":"analyzeText","decl":{"start":{"line":22,"column":15},"end":{"line":22,"column":26}},"loc":{"start":{"line":22,"column":33},"end":{"line":30,"column":1}},"line":22},"2":{"name":"analyzeUrl","decl":{"start":{"line":32,"column":15},"end":{"line":32,"column":25}},"loc":{"start":{"line":32,"column":31},"end":{"line":40,"column":1}},"line":32},"3":{"name":"analyzeFile","decl":{"start":{"line":42,"column":15},"end":{"line":42,"column":26}},"loc":{"start":{"line":42,"column":74},"end":{"line":52,"column":1}},"line":42},"4":{"name":"(anonymous_4)","decl":{"start":{"line":54,"column":19},"end":{"line":54,"column":20}},"loc":{"start":{"line":55,"column":2},"end":{"line":55,"column":102}},"line":55},"5":{"name":"(anonymous_5)","decl":{"start":{"line":57,"column":21},"end":{"line":57,"column":22}},"loc":{"start":{"line":58,"column":2},"end":{"line":58,"column":94}},"line":58}},"branchMap":{"0":{"loc":{"start":{"line":12,"column":2},"end":{"line":14,"column":3}},"type":"if","locations":[{"start":{"line":12,"column":2},"end":{"line":14,"column":3}},{"start":{},"end":{}}],"line":12},"1":{"loc":{"start":{"line":15,"column":2},"end":{"line":17,"column":3}},"type":"if","locations":[{"start":{"line":15,"column":2},"end":{"line":17,"column":3}},{"start":{},"end":{}}],"line":15},"2":{"loc":{"start":{"line":15,"column":6},"end":{"line":15,"column":50}},"type":"binary-expr","locations":[{"start":{"line":15,"column":6},"end":{"line":15,"column":33}},{"start":{"line":15,"column":37},"end":{"line":15,"column":50}}],"line":15},"3":{"loc":{"start":{"line":18,"column":26},"end":{"line":18,"column":94}},"type":"binary-expr","locations":[{"start":{"line":18,"column":26},"end":{"line":18,"column":51}},{"start":{"line":18,"column":55},"end":{"line":18,"column":79}},{"start":{"line":18,"column":83},"end":{"line":18,"column":94}}],"line":18},"4":{"loc":{"start":{"line":19,"column":22},"end":{"line":19,"column":48}},"type":"binary-expr","locations":[{"start":{"line":19,"column":22},"end":{"line":19,"column":41}},{"start":{"line":19,"column":45},"end":{"line":19,"column":48}}],"line":19}},"s":{"0":3,"1":3,"2":3,"3":3,"4":3,"5":3,"6":0,"7":0,"8":0,"9":0,"10":0,"11":0,"12":0,"13":0,"14":0,"15":0,"16":0,"17":0,"18":0,"19":0,"20":0,"21":0,"22":0,"23":0,"24":0,"25":0,"26":0,"27":0,"28":0,"29":3,"30":0,"31":3,"32":0,"33":3},"f":{"0":0,"1":0,"2":0,"3":0,"4":0,"5":0},"b":{"0":[0,0],"1":[0,0],"2":[0,0],"3":[0,0,0],"4":[0,0]},"_coverageSchema":"1a1c01bbd47fc00a2c39e90264f33305004495a9","hash":"5241ac8bf7a2bc96524e4dbffd7e3930c789c67e"}
,"/Users/miteshreddy/Desktop/JOBSHEILD-XAI-main/backend/utils/asyncHandler.js": {"path":"/Users/miteshreddy/Desktop/JOBSHEILD-XAI-main/backend/utils/asyncHandler.js","statementMap":{"0":{"start":{"line":3,"column":21},"end":{"line":5,"column":1}},"1":{"start":{"line":3,"column":29},"end":{"line":5,"column":1}},"2":{"start":{"line":4,"column":2},"end":{"line":4,"column":50}},"3":{"start":{"line":7,"column":0},"end":{"line":7,"column":30}}},"fnMap":{"0":{"name":"(anonymous_0)","decl":{"start":{"line":3,"column":21},"end":{"line":3,"column":22}},"loc":{"start":{"line":3,"column":29},"end":{"line":5,"column":1}},"line":3},"1":{"name":"(anonymous_1)","decl":{"start":{"line":3,"column":29},"end":{"line":3,"column":30}},"loc":{"start":{"line":3,"column":49},"end":{"line":5,"column":1}},"line":3}},"branchMap":{},"s":{"0":6,"1":84,"2":36,"3":6},"f":{"0":84,"1":36},"b":{},"_coverageSchema":"1a1c01bbd47fc00a2c39e90264f33305004495a9","hash":"e2ac50111b36e796fe20dc40cc908c82e41781fc"}
,"/Users/miteshreddy/Desktop/JOBSHEILD-XAI-main/backend/utils/jwt.js": {"path":"/Users/miteshreddy/Desktop/JOBSHEILD-XAI-main/backend/utils/jwt.js","statementMap":{"0":{"start":{"line":1,"column":12},"end":{"line":1,"column":35}},"1":{"start":{"line":2,"column":12},"end":{"line":2,"column":36}},"2":{"start":{"line":5,"column":2},"end":{"line":9,"column":4}},"3":{"start":{"line":13,"column":2},"end":{"line":17,"column":4}},"4":{"start":{"line":21,"column":2},"end":{"line":21,"column":48}},"5":{"start":{"line":25,"column":2},"end":{"line":25,"column":49}},"6":{"start":{"line":28,"column":0},"end":{"line":28,"column":94}}},"fnMap":{"0":{"name":"signAccessToken","decl":{"start":{"line":4,"column":9},"end":{"line":4,"column":24}},"loc":{"start":{"line":4,"column":31},"end":{"line":10,"column":1}},"line":4},"1":{"name":"signRefreshToken","decl":{"start":{"line":12,"column":9},"end":{"line":12,"column":25}},"loc":{"start":{"line":12,"column":32},"end":{"line":18,"column":1}},"line":12},"2":{"name":"verifyAccessToken","decl":{"start":{"line":20,"column":9},"end":{"line":20,"column":26}},"loc":{"start":{"line":20,"column":34},"end":{"line":22,"column":1}},"line":20},"3":{"name":"verifyRefreshToken","decl":{"start":{"line":24,"column":9},"end":{"line":24,"column":27}},"loc":{"start":{"line":24,"column":35},"end":{"line":26,"column":1}},"line":24}},"branchMap":{},"s":{"0":6,"1":6,"2":16,"3":16,"4":12,"5":2,"6":6},"f":{"0":16,"1":16,"2":12,"3":2},"b":{},"_coverageSchema":"1a1c01bbd47fc00a2c39e90264f33305004495a9","hash":"118e7fad031c0b5d7e75877c3f198e94b81a5ce9"}
,"/Users/miteshreddy/Desktop/JOBSHEILD-XAI-main/backend/utils/localAnalyzer.js": {"path":"/Users/miteshreddy/Desktop/JOBSHEILD-XAI-main/backend/utils/localAnalyzer.js","statementMap":{"0":{"start":{"line":12,"column":22},"end":{"line":46,"column":1}},"1":{"start":{"line":49,"column":22},"end":{"line":56,"column":1}},"2":{"start":{"line":61,"column":2},"end":{"line":63,"column":3}},"3":{"start":{"line":62,"column":4},"end":{"line":62,"column":53}},"4":{"start":{"line":65,"column":20},"end":{"line":65,"column":38}},"5":{"start":{"line":66,"column":20},"end":{"line":66,"column":44}},"6":{"start":{"line":69,"column":19},"end":{"line":69,"column":23}},"7":{"start":{"line":70,"column":27},"end":{"line":70,"column":29}},"8":{"start":{"line":71,"column":25},"end":{"line":71,"column":27}},"9":{"start":{"line":73,"column":2},"end":{"line":96,"column":3}},"10":{"start":{"line":74,"column":4},"end":{"line":95,"column":5}},"11":{"start":{"line":75,"column":6},"end":{"line":75,"column":34}},"12":{"start":{"line":76,"column":6},"end":{"line":78,"column":7}},"13":{"start":{"line":77,"column":8},"end":{"line":77,"column":43}},"14":{"start":{"line":79,"column":6},"end":{"line":85,"column":9}},"15":{"start":{"line":88,"column":6},"end":{"line":94,"column":9}},"16":{"start":{"line":99,"column":2},"end":{"line":99,"column":58}},"17":{"start":{"line":102,"column":19},"end":{"line":102,"column":21}},"18":{"start":{"line":103,"column":2},"end":{"line":107,"column":3}},"19":{"start":{"line":104,"column":4},"end":{"line":106,"column":5}},"20":{"start":{"line":105,"column":6},"end":{"line":105,"column":30}},"21":{"start":{"line":109,"column":2},"end":{"line":109,"column":44}},"22":{"start":{"line":111,"column":2},"end":{"line":111,"column":39}},"23":{"start":{"line":111,"column":23},"end":{"line":111,"column":39}},"24":{"start":{"line":112,"column":2},"end":{"line":112,"column":39}},"25":{"start":{"line":112,"column":23},"end":{"line":112,"column":39}},"26":{"start":{"line":113,"column":2},"end":{"line":113,"column":53}},"27":{"start":{"line":117,"column":2},"end":{"line":120,"column":36}},"28":{"start":{"line":117,"column":24},"end":{"line":117,"column":57}},"29":{"start":{"line":118,"column":7},"end":{"line":120,"column":36}},"30":{"start":{"line":118,"column":29},"end":{"line":118,"column":66}},"31":{"start":{"line":119,"column":7},"end":{"line":120,"column":36}},"32":{"start":{"line":119,"column":29},"end":{"line":119,"column":54}},"33":{"start":{"line":120,"column":7},"end":{"line":120,"column":36}},"34":{"start":{"line":124,"column":20},"end":{"line":124,"column":67}},"35":{"start":{"line":125,"column":2},"end":{"line":128,"column":33}},"36":{"start":{"line":125,"column":24},"end":{"line":125,"column":45}},"37":{"start":{"line":126,"column":7},"end":{"line":128,"column":33}},"38":{"start":{"line":126,"column":29},"end":{"line":126,"column":53}},"39":{"start":{"line":127,"column":7},"end":{"line":128,"column":33}},"40":{"start":{"line":127,"column":29},"end":{"line":127,"column":51}},"41":{"start":{"line":128,"column":7},"end":{"line":128,"column":33}},"42":{"start":{"line":131,"column":24},"end":{"line":133,"column":3}},"43":{"start":{"line":136,"column":26},"end":{"line":136,"column":74}},"44":{"start":{"line":139,"column":22},"end":{"line":142,"column":17}},"45":{"start":{"line":140,"column":19},"end":{"line":140,"column":40}},"46":{"start":{"line":141,"column":20},"end":{"line":141,"column":57}},"47":{"start":{"line":144,"column":26},"end":{"line":151,"column":3}},"48":{"start":{"line":154,"column":23},"end":{"line":164,"column":7}},"49":{"start":{"line":155,"column":19},"end":{"line":155,"column":36}},"50":{"start":{"line":156,"column":20},"end":{"line":156,"column":59}},"51":{"start":{"line":158,"column":17},"end":{"line":164,"column":5}},"52":{"start":{"line":166,"column":26},"end":{"line":172,"column":3}},"53":{"start":{"line":175,"column":26},"end":{"line":175,"column":28}},"54":{"start":{"line":176,"column":19},"end":{"line":176,"column":21}},"55":{"start":{"line":178,"column":2},"end":{"line":196,"column":3}},"56":{"start":{"line":179,"column":4},"end":{"line":179,"column":109}},"57":{"start":{"line":180,"column":4},"end":{"line":180,"column":101}},"58":{"start":{"line":181,"column":4},"end":{"line":182,"column":93}},"59":{"start":{"line":182,"column":6},"end":{"line":182,"column":93}},"60":{"start":{"line":183,"column":4},"end":{"line":184,"column":96}},"61":{"start":{"line":184,"column":6},"end":{"line":184,"column":96}},"62":{"start":{"line":185,"column":4},"end":{"line":186,"column":105}},"63":{"start":{"line":186,"column":6},"end":{"line":186,"column":105}},"64":{"start":{"line":187,"column":9},"end":{"line":196,"column":3}},"65":{"start":{"line":188,"column":4},"end":{"line":188,"column":111}},"66":{"start":{"line":189,"column":4},"end":{"line":189,"column":103}},"67":{"start":{"line":190,"column":4},"end":{"line":190,"column":115}},"68":{"start":{"line":191,"column":4},"end":{"line":192,"column":128}},"69":{"start":{"line":192,"column":6},"end":{"line":192,"column":128}},"70":{"start":{"line":194,"column":4},"end":{"line":194,"column":123}},"71":{"start":{"line":195,"column":4},"end":{"line":195,"column":103}},"72":{"start":{"line":198,"column":2},"end":{"line":199,"column":105}},"73":{"start":{"line":199,"column":4},"end":{"line":199,"column":105}},"74":{"start":{"line":200,"column":2},"end":{"line":201,"column":130}},"75":{"start":{"line":201,"column":4},"end":{"line":201,"column":130}},"76":{"start":{"line":203,"column":2},"end":{"line":219,"column":4}},"77":{"start":{"line":222,"column":0},"end":{"line":222,"column":33}}},"fnMap":{"0":{"name":"analyzeText","decl":{"start":{"line":60,"column":9},"end":{"line":60,"column":20}},"loc":{"start":{"line":60,"column":27},"end":{"line":220,"column":1}},"line":60},"1":{"name":"(anonymous_1)","decl":{"start":{"line":140,"column":12},"end":{"line":140,"column":13}},"loc":{"start":{"line":140,"column":19},"end":{"line":140,"column":40}},"line":140},"2":{"name":"(anonymous_2)","decl":{"start":{"line":141,"column":10},"end":{"line":141,"column":11}},"loc":{"start":{"line":141,"column":20},"end":{"line":141,"column":57}},"line":141},"3":{"name":"(anonymous_3)","decl":{"start":{"line":155,"column":12},"end":{"line":155,"column":13}},"loc":{"start":{"line":155,"column":19},"end":{"line":155,"column":36}},"line":155},"4":{"name":"(anonymous_4)","decl":{"start":{"line":156,"column":10},"end":{"line":156,"column":11}},"loc":{"start":{"line":156,"column":20},"end":{"line":156,"column":59}},"line":156},"5":{"name":"(anonymous_5)","decl":{"start":{"line":158,"column":9},"end":{"line":158,"column":10}},"loc":{"start":{"line":158,"column":17},"end":{"line":164,"column":5}},"line":158}},"branchMap":{"0":{"loc":{"start":{"line":61,"column":2},"end":{"line":63,"column":3}},"type":"if","locations":[{"start":{"line":61,"column":2},"end":{"line":63,"column":3}},{"start":{},"end":{}}],"line":61},"1":{"loc":{"start":{"line":61,"column":6},"end":{"line":61,"column":38}},"type":"binary-expr","locations":[{"start":{"line":61,"column":6},"end":{"line":61,"column":11}},{"start":{"line":61,"column":15},"end":{"line":61,"column":38}}],"line":61},"2":{"loc":{"start":{"line":74,"column":4},"end":{"line":95,"column":5}},"type":"if","locations":[{"start":{"line":74,"column":4},"end":{"line":95,"column":5}},{"start":{"line":86,"column":11},"end":{"line":95,"column":5}}],"line":74},"3":{"loc":{"start":{"line":76,"column":6},"end":{"line":78,"column":7}},"type":"if","locations":[{"start":{"line":76,"column":6},"end":{"line":78,"column":7}},{"start":{},"end":{}}],"line":76},"4":{"loc":{"start":{"line":84,"column":22},"end":{"line":84,"column":54}},"type":"binary-expr","locations":[{"start":{"line":84,"column":22},"end":{"line":84,"column":48}},{"start":{"line":84,"column":52},"end":{"line":84,"column":54}}],"line":84},"5":{"loc":{"start":{"line":104,"column":4},"end":{"line":106,"column":5}},"type":"if","locations":[{"start":{"line":104,"column":4},"end":{"line":106,"column":5}},{"start":{},"end":{}}],"line":104},"6":{"loc":{"start":{"line":111,"column":2},"end":{"line":111,"column":39}},"type":"if","locations":[{"start":{"line":111,"column":2},"end":{"line":111,"column":39}},{"start":{},"end":{}}],"line":111},"7":{"loc":{"start":{"line":112,"column":2},"end":{"line":112,"column":39}},"type":"if","locations":[{"start":{"line":112,"column":2},"end":{"line":112,"column":39}},{"start":{},"end":{}}],"line":112},"8":{"loc":{"start":{"line":117,"column":2},"end":{"line":120,"column":36}},"type":"if","locations":[{"start":{"line":117,"column":2},"end":{"line":120,"column":36}},{"start":{"line":118,"column":7},"end":{"line":120,"column":36}}],"line":117},"9":{"loc":{"start":{"line":118,"column":7},"end":{"line":120,"column":36}},"type":"if","locations":[{"start":{"line":118,"column":7},"end":{"line":120,"column":36}},{"start":{"line":119,"column":7},"end":{"line":120,"column":36}}],"line":118},"10":{"loc":{"start":{"line":119,"column":7},"end":{"line":120,"column":36}},"type":"if","locations":[{"start":{"line":119,"column":7},"end":{"line":120,"column":36}},{"start":{"line":120,"column":7},"end":{"line":120,"column":36}}],"line":119},"11":{"loc":{"start":{"line":125,"column":2},"end":{"line":128,"column":33}},"type":"if","locations":[{"start":{"line":125,"column":2},"end":{"line":128,"column":33}},{"start":{"line":126,"column":7},"end":{"line":128,"column":33}}],"line":125},"12":{"loc":{"start":{"line":126,"column":7},"end":{"line":128,"column":33}},"type":"if","locations":[{"start":{"line":126,"column":7},"end":{"line":128,"column":33}},{"start":{"line":127,"column":7},"end":{"line":128,"column":33}}],"line":126},"13":{"loc":{"start":{"line":127,"column":7},"end":{"line":128,"column":33}},"type":"if","locations":[{"start":{"line":127,"column":7},"end":{"line":128,"column":33}},{"start":{"line":128,"column":7},"end":{"line":128,"column":33}}],"line":127},"14":{"loc":{"start":{"line":136,"column":26},"end":{"line":136,"column":74}},"type":"cond-expr","locations":[{"start":{"line":136,"column":47},"end":{"line":136,"column":59}},{"start":{"line":136,"column":62},"end":{"line":136,"column":74}}],"line":136},"15":{"loc":{"start":{"line":147,"column":14},"end":{"line":149,"column":108}},"type":"cond-expr","locations":[{"start":{"line":148,"column":8},"end":{"line":148,"column":19}},{"start":{"line":149,"column":8},"end":{"line":149,"column":108}}],"line":147},"16":{"loc":{"start":{"line":169,"column":14},"end":{"line":171,"column":119}},"type":"cond-expr","locations":[{"start":{"line":170,"column":8},"end":{"line":170,"column":20}},{"start":{"line":171,"column":8},"end":{"line":171,"column":119}}],"line":169},"17":{"loc":{"start":{"line":178,"column":2},"end":{"line":196,"column":3}},"type":"if","locations":[{"start":{"line":178,"column":2},"end":{"line":196,"column":3}},{"start":{"line":187,"column":9},"end":{"line":196,"column":3}}],"line":178},"18":{"loc":{"start":{"line":181,"column":4},"end":{"line":182,"column":93}},"type":"if","locations":[{"start":{"line":181,"column":4},"end":{"line":182,"column":93}},{"start":{},"end":{}}],"line":181},"19":{"loc":{"start":{"line":183,"column":4},"end":{"line":184,"column":96}},"type":"if","locations":[{"start":{"line":183,"column":4},"end":{"line":184,"column":96}},{"start":{},"end":{}}],"line":183},"20":{"loc":{"start":{"line":185,"column":4},"end":{"line":186,"column":105}},"type":"if","locations":[{"start":{"line":185,"column":4},"end":{"line":186,"column":105}},{"start":{},"end":{}}],"line":185},"21":{"loc":{"start":{"line":187,"column":9},"end":{"line":196,"column":3}},"type":"if","locations":[{"start":{"line":187,"column":9},"end":{"line":196,"column":3}},{"start":{"line":193,"column":9},"end":{"line":196,"column":3}}],"line":187},"22":{"loc":{"start":{"line":187,"column":13},"end":{"line":187,"column":65}},"type":"binary-expr","locations":[{"start":{"line":187,"column":13},"end":{"line":187,"column":36}},{"start":{"line":187,"column":40},"end":{"line":187,"column":65}}],"line":187},"23":{"loc":{"start":{"line":191,"column":4},"end":{"line":192,"column":128}},"type":"if","locations":[{"start":{"line":191,"column":4},"end":{"line":192,"column":128}},{"start":{},"end":{}}],"line":191},"24":{"loc":{"start":{"line":198,"column":2},"end":{"line":199,"column":105}},"type":"if","locations":[{"start":{"line":198,"column":2},"end":{"line":199,"column":105}},{"start":{},"end":{}}],"line":198},"25":{"loc":{"start":{"line":200,"column":2},"end":{"line":201,"column":130}},"type":"if","locations":[{"start":{"line":200,"column":2},"end":{"line":201,"column":130}},{"start":{},"end":{}}],"line":200},"26":{"loc":{"start":{"line":215,"column":22},"end":{"line":215,"column":94}},"type":"binary-expr","locations":[{"start":{"line":215,"column":22},"end":{"line":215,"column":40}},{"start":{"line":215,"column":44},"end":{"line":215,"column":94}}],"line":215}},"s":{"0":6,"1":6,"2":2,"3":0,"4":2,"5":2,"6":2,"7":2,"8":2,"9":2,"10":38,"11":1,"12":1,"13":1,"14":1,"15":37,"16":2,"17":2,"18":2,"19":12,"20":0,"21":2,"22":2,"23":0,"24":2,"25":0,"26":2,"27":2,"28":0,"29":2,"30":1,"31":1,"32":1,"33":0,"34":2,"35":2,"36":0,"37":2,"38":2,"39":0,"40":0,"41":0,"42":2,"43":2,"44":2,"45":38,"46":0,"47":2,"48":2,"49":38,"50":0,"51":1,"52":2,"53":2,"54":2,"55":2,"56":0,"57":0,"58":0,"59":0,"60":0,"61":0,"62":0,"63":0,"64":2,"65":2,"66":2,"67":2,"68":2,"69":1,"70":0,"71":0,"72":2,"73":0,"74":2,"75":0,"76":2,"77":6},"f":{"0":2,"1":38,"2":0,"3":38,"4":0,"5":1},"b":{"0":[0,2],"1":[2,2],"2":[1,37],"3":[1,0],"4":[1,0],"5":[0,12],"6":[0,2],"7":[0,2],"8":[0,2],"9":[1,1],"10":[1,0],"11":[0,2],"12":[2,0],"13":[0,0],"14":[0,2],"15":[1,1],"16":[1,1],"17":[0,2],"18":[0,0],"19":[0,0],"20":[0,0],"21":[2,0],"22":[2,2],"23":[1,1],"24":[0,2],"25":[0,2],"26":[2,0]},"_coverageSchema":"1a1c01bbd47fc00a2c39e90264f33305004495a9","hash":"1b74745be7d0783c6a8599cc4434297a4ecd5606"}
,"/Users/miteshreddy/Desktop/JOBSHEILD-XAI-main/backend/utils/logger.js": {"path":"/Users/miteshreddy/Desktop/JOBSHEILD-XAI-main/backend/utils/logger.js","statementMap":{"0":{"start":{"line":1,"column":16},"end":{"line":1,"column":34}},"1":{"start":{"line":3,"column":15},"end":{"line":16,"column":2}},"2":{"start":{"line":18,"column":0},"end":{"line":18,"column":24}}},"fnMap":{},"branchMap":{"0":{"loc":{"start":{"line":4,"column":9},"end":{"line":4,"column":65}},"type":"cond-expr","locations":[{"start":{"line":4,"column":49},"end":{"line":4,"column":55}},{"start":{"line":4,"column":58},"end":{"line":4,"column":65}}],"line":4}},"s":{"0":9,"1":9,"2":9},"f":{},"b":{"0":[0,9]},"_coverageSchema":"1a1c01bbd47fc00a2c39e90264f33305004495a9","hash":"0cecd32b1ab006c1b1eac14555f9e40a168ed361"}
,"/Users/miteshreddy/Desktop/JOBSHEILD-XAI-main/backend/utils/pdfParser.js": {"path":"/Users/miteshreddy/Desktop/JOBSHEILD-XAI-main/backend/utils/pdfParser.js","statementMap":{"0":{"start":{"line":4,"column":17},"end":{"line":4,"column":37}},"1":{"start":{"line":12,"column":2},"end":{"line":22,"column":3}},"2":{"start":{"line":13,"column":17},"end":{"line":13,"column":39}},"3":{"start":{"line":14,"column":17},"end":{"line":14,"column":41}},"4":{"start":{"line":15,"column":4},"end":{"line":17,"column":5}},"5":{"start":{"line":16,"column":6},"end":{"line":16,"column":134}},"6":{"start":{"line":18,"column":4},"end":{"line":18,"column":16}},"7":{"start":{"line":20,"column":4},"end":{"line":20,"column":76}},"8":{"start":{"line":20,"column":66},"end":{"line":20,"column":76}},"9":{"start":{"line":21,"column":4},"end":{"line":21,"column":59}},"10":{"start":{"line":25,"column":0},"end":{"line":25,"column":40}}},"fnMap":{"0":{"name":"extractTextFromPdf","decl":{"start":{"line":11,"column":15},"end":{"line":11,"column":33}},"loc":{"start":{"line":11,"column":42},"end":{"line":23,"column":1}},"line":11}},"branchMap":{"0":{"loc":{"start":{"line":14,"column":18},"end":{"line":14,"column":33}},"type":"binary-expr","locations":[{"start":{"line":14,"column":18},"end":{"line":14,"column":27}},{"start":{"line":14,"column":31},"end":{"line":14,"column":33}}],"line":14},"1":{"loc":{"start":{"line":15,"column":4},"end":{"line":17,"column":5}},"type":"if","locations":[{"start":{"line":15,"column":4},"end":{"line":17,"column":5}},{"start":{},"end":{}}],"line":15},"2":{"loc":{"start":{"line":20,"column":4},"end":{"line":20,"column":76}},"type":"if","locations":[{"start":{"line":20,"column":4},"end":{"line":20,"column":76}},{"start":{},"end":{}}],"line":20},"3":{"loc":{"start":{"line":20,"column":8},"end":{"line":20,"column":64}},"type":"binary-expr","locations":[{"start":{"line":20,"column":8},"end":{"line":20,"column":19}},{"start":{"line":20,"column":23},"end":{"line":20,"column":64}}],"line":20}},"s":{"0":6,"1":0,"2":0,"3":0,"4":0,"5":0,"6":0,"7":0,"8":0,"9":0,"10":6},"f":{"0":0},"b":{"0":[0,0],"1":[0,0],"2":[0,0],"3":[0,0]},"_coverageSchema":"1a1c01bbd47fc00a2c39e90264f33305004495a9","hash":"c4fcaa3a71dded1f0fa2d3996dcfd1eb15ccd020"}
,"/Users/miteshreddy/Desktop/JOBSHEILD-XAI-main/backend/utils/urlScraper.js": {"path":"/Users/miteshreddy/Desktop/JOBSHEILD-XAI-main/backend/utils/urlScraper.js","statementMap":{"0":{"start":{"line":5,"column":14},"end":{"line":5,"column":30}},"1":{"start":{"line":6,"column":16},"end":{"line":6,"column":34}},"2":{"start":{"line":15,"column":2},"end":{"line":34,"column":3}},"3":{"start":{"line":16,"column":4},"end":{"line":25,"column":7}},"4":{"start":{"line":27,"column":4},"end":{"line":29,"column":5}},"5":{"start":{"line":28,"column":6},"end":{"line":28,"column":65}},"6":{"start":{"line":30,"column":4},"end":{"line":32,"column":5}},"7":{"start":{"line":31,"column":6},"end":{"line":31,"column":94}},"8":{"start":{"line":33,"column":4},"end":{"line":33,"column":59}},"9":{"start":{"line":36,"column":22},"end":{"line":36,"column":60}},"10":{"start":{"line":37,"column":2},"end":{"line":39,"column":3}},"11":{"start":{"line":38,"column":4},"end":{"line":38,"column":63}},"12":{"start":{"line":41,"column":12},"end":{"line":41,"column":39}},"13":{"start":{"line":44,"column":2},"end":{"line":44,"column":90}},"14":{"start":{"line":47,"column":20},"end":{"line":59,"column":3}},"15":{"start":{"line":61,"column":13},"end":{"line":61,"column":15}},"16":{"start":{"line":62,"column":2},"end":{"line":68,"column":3}},"17":{"start":{"line":63,"column":15},"end":{"line":63,"column":29}},"18":{"start":{"line":64,"column":4},"end":{"line":67,"column":5}},"19":{"start":{"line":65,"column":6},"end":{"line":65,"column":23}},"20":{"start":{"line":66,"column":6},"end":{"line":66,"column":12}},"21":{"start":{"line":70,"column":2},"end":{"line":72,"column":3}},"22":{"start":{"line":71,"column":4},"end":{"line":71,"column":28}},"23":{"start":{"line":75,"column":2},"end":{"line":81,"column":12}},"24":{"start":{"line":77,"column":16},"end":{"line":77,"column":24}},"25":{"start":{"line":78,"column":19},"end":{"line":78,"column":31}},"26":{"start":{"line":83,"column":2},"end":{"line":85,"column":3}},"27":{"start":{"line":84,"column":4},"end":{"line":84,"column":115}},"28":{"start":{"line":87,"column":2},"end":{"line":87,"column":29}},"29":{"start":{"line":90,"column":0},"end":{"line":90,"column":31}}},"fnMap":{"0":{"name":"scrapeUrl","decl":{"start":{"line":13,"column":15},"end":{"line":13,"column":24}},"loc":{"start":{"line":13,"column":30},"end":{"line":88,"column":1}},"line":13},"1":{"name":"(anonymous_1)","decl":{"start":{"line":77,"column":9},"end":{"line":77,"column":10}},"loc":{"start":{"line":77,"column":16},"end":{"line":77,"column":24}},"line":77},"2":{"name":"(anonymous_2)","decl":{"start":{"line":78,"column":12},"end":{"line":78,"column":13}},"loc":{"start":{"line":78,"column":19},"end":{"line":78,"column":31}},"line":78}},"branchMap":{"0":{"loc":{"start":{"line":27,"column":4},"end":{"line":29,"column":5}},"type":"if","locations":[{"start":{"line":27,"column":4},"end":{"line":29,"column":5}},{"start":{},"end":{}}],"line":27},"1":{"loc":{"start":{"line":27,"column":8},"end":{"line":27,"column":91}},"type":"binary-expr","locations":[{"start":{"line":27,"column":8},"end":{"line":27,"column":35}},{"start":{"line":27,"column":39},"end":{"line":27,"column":63}},{"start":{"line":27,"column":67},"end":{"line":27,"column":91}}],"line":27},"2":{"loc":{"start":{"line":30,"column":4},"end":{"line":32,"column":5}},"type":"if","locations":[{"start":{"line":30,"column":4},"end":{"line":32,"column":5}},{"start":{},"end":{}}],"line":30},"3":{"loc":{"start":{"line":36,"column":22},"end":{"line":36,"column":60}},"type":"binary-expr","locations":[{"start":{"line":36,"column":22},"end":{"line":36,"column":54}},{"start":{"line":36,"column":58},"end":{"line":36,"column":60}}],"line":36},"4":{"loc":{"start":{"line":37,"column":2},"end":{"line":39,"column":3}},"type":"if","locations":[{"start":{"line":37,"column":2},"end":{"line":39,"column":3}},{"start":{},"end":{}}],"line":37},"5":{"loc":{"start":{"line":37,"column":6},"end":{"line":37,"column":79}},"type":"binary-expr","locations":[{"start":{"line":37,"column":6},"end":{"line":37,"column":40}},{"start":{"line":37,"column":44},"end":{"line":37,"column":79}}],"line":37},"6":{"loc":{"start":{"line":64,"column":4},"end":{"line":67,"column":5}},"type":"if","locations":[{"start":{"line":64,"column":4},"end":{"line":67,"column":5}},{"start":{},"end":{}}],"line":64},"7":{"loc":{"start":{"line":64,"column":8},"end":{"line":64,"column":50}},"type":"binary-expr","locations":[{"start":{"line":64,"column":8},"end":{"line":64,"column":17}},{"start":{"line":64,"column":21},"end":{"line":64,"column":50}}],"line":64},"8":{"loc":{"start":{"line":70,"column":2},"end":{"line":72,"column":3}},"type":"if","locations":[{"start":{"line":70,"column":2},"end":{"line":72,"column":3}},{"start":{},"end":{}}],"line":70},"9":{"loc":{"start":{"line":70,"column":6},"end":{"line":70,"column":38}},"type":"binary-expr","locations":[{"start":{"line":70,"column":6},"end":{"line":70,"column":11}},{"start":{"line":70,"column":15},"end":{"line":70,"column":38}}],"line":70},"10":{"loc":{"start":{"line":83,"column":2},"end":{"line":85,"column":3}},"type":"if","locations":[{"start":{"line":83,"column":2},"end":{"line":85,"column":3}},{"start":{},"end":{}}],"line":83}},"s":{"0":6,"1":6,"2":1,"3":1,"4":1,"5":0,"6":1,"7":1,"8":0,"9":0,"10":0,"11":0,"12":0,"13":0,"14":0,"15":0,"16":0,"17":0,"18":0,"19":0,"20":0,"21":0,"22":0,"23":0,"24":0,"25":0,"26":0,"27":0,"28":0,"29":6},"f":{"0":1,"1":0,"2":0},"b":{"0":[0,1],"1":[1,1,1],"2":[1,0],"3":[0,0],"4":[0,0],"5":[0,0],"6":[0,0],"7":[0,0],"8":[0,0],"9":[0,0],"10":[0,0]},"_coverageSchema":"1a1c01bbd47fc00a2c39e90264f33305004495a9","hash":"fa03c29141409d536700437135205060c33d1a9a"}
}
