TN:
SF:controllers/adminController.js
FN:8,(anonymous_0)
FN:17,(anonymous_1)
FN:22,(anonymous_2)
FN:29,(anonymous_3)
FNF:4
FNH:2
FNDA:1,(anonymous_0)
FNDA:0,(anonymous_1)
FNDA:0,(anonymous_2)
FNDA:1,(anonymous_3)
DA:1,6
DA:2,6
DA:3,6
DA:8,6
DA:9,1
DA:16,1
DA:17,1
DA:18,0
DA:21,1
DA:22,1
DA:23,0
DA:26,1
DA:29,6
DA:30,1
DA:31,1
DA:33,1
DA:38,1
DA:41,6
LF:18
LH:16
BRDA:30,0,0,1
BRDA:30,0,1,1
BRDA:31,1,0,1
BRDA:31,1,1,1
BRF:4
BRH:4
end_of_record
TN:
SF:controllers/analysisController.js
FN:14,runAndPersist
FN:52,(anonymous_1)
FN:64,(anonymous_2)
FN:82,(anonymous_3)
FN:104,(anonymous_4)
FN:126,(anonymous_5)
FNF:6
FNH:4
FNDA:8,runAndPersist
FNDA:8,(anonymous_1)
FNDA:1,(anonymous_2)
FNDA:0,(anonymous_3)
FNDA:0,(anonymous_4)
FNDA:2,(anonymous_5)
DA:1,6
DA:2,6
DA:3,6
DA:4,6
DA:5,6
DA:6,6
DA:7,6
DA:15,8
DA:16,6
DA:20,2
DA:21,2
DA:23,0
DA:24,0
DA:27,2
DA:32,2
DA:52,6
DA:53,8
DA:54,8
DA:60,2
DA:64,6
DA:65,1
DA:67,1
DA:68,1
DA:70,1
DA:72,0
DA:78,0
DA:82,6
DA:84,0
DA:85,0
DA:87,0
DA:89,0
DA:95,0
DA:104,6
DA:105,0
DA:106,0
DA:109,0
DA:117,0
DA:123,0
DA:126,6
DA:127,2
DA:128,2
DA:129,1
DA:133,1
DA:134,0
DA:136,1
DA:139,6
LF:46
LH:31
BRDA:15,0,0,6
BRDA:15,0,1,2
BRDA:15,1,0,8
BRDA:15,1,1,8
BRDA:24,2,0,0
BRDA:24,2,1,0
BRDA:33,3,0,2
BRDA:33,3,1,2
BRDA:128,4,0,1
BRDA:128,4,1,1
BRDA:133,5,0,0
BRDA:133,5,1,1
BRDA:133,6,0,1
BRDA:133,6,1,0
BRDA:133,6,2,0
BRF:15
BRH:10
end_of_record
TN:
SF:controllers/authController.js
FN:22,issueTokens
FN:30,(anonymous_1)
FN:45,(anonymous_2)
FN:61,(anonymous_3)
FN:83,(anonymous_4)
FN:89,(anonymous_5)
FN:95,(anonymous_6)
FNF:7
FNH:6
FNDA:16,issueTokens
FNDA:13,(anonymous_1)
FNDA:4,(anonymous_2)
FNDA:2,(anonymous_3)
FNDA:0,(anonymous_4)
FNDA:1,(anonymous_5)
FNDA:1,(anonymous_6)
DA:1,6
DA:2,6
DA:3,6
DA:4,6
DA:5,6
DA:6,6
DA:8,6
DA:13,6
DA:14,6
DA:23,16
DA:24,16
DA:25,16
DA:26,16
DA:30,6
DA:31,13
DA:33,13
DA:34,13
DA:35,1
DA:38,12
DA:39,12
DA:41,12
DA:42,12
DA:45,6
DA:46,4
DA:48,4
DA:49,4
DA:50,0
DA:52,4
DA:53,4
DA:54,1
DA:57,3
DA:58,3
DA:61,6
DA:62,2
DA:63,2
DA:64,0
DA:68,2
DA:69,2
DA:71,0
DA:74,2
DA:75,2
DA:76,1
DA:79,1
DA:80,1
DA:83,6
DA:84,0
DA:85,0
DA:89,6
DA:90,1
DA:91,1
DA:92,1
DA:95,6
DA:96,1
DA:97,1
DA:98,0
DA:100,1
DA:103,6
LF:57
LH:51
BRDA:34,0,0,1
BRDA:34,0,1,12
BRDA:49,1,0,0
BRDA:49,1,1,4
BRDA:53,2,0,1
BRDA:53,2,1,3
BRDA:63,3,0,0
BRDA:63,3,1,2
BRDA:75,4,0,1
BRDA:75,4,1,1
BRDA:75,5,0,2
BRDA:75,5,1,2
BRDA:97,6,0,0
BRDA:97,6,1,1
BRF:14
BRH:11
end_of_record
TN:
SF:controllers/historyController.js
FN:9,(anonymous_0)
FNF:1
FNH:1
FNDA:2,(anonymous_0)
DA:1,6
DA:2,6
DA:4,6
DA:9,6
DA:10,2
DA:12,2
DA:13,2
DA:14,1
DA:17,2
DA:18,2
DA:20,2
DA:21,2
DA:23,2
DA:31,2
DA:37,6
LF:15
LH:15
BRDA:10,0,0,2
BRDA:10,1,0,2
BRDA:10,2,0,2
BRDA:10,3,0,2
BRDA:13,4,0,1
BRDA:13,4,1,1
BRDA:17,5,0,2
BRDA:17,5,1,0
BRDA:18,6,0,0
BRDA:18,6,1,2
BRDA:20,7,0,2
BRDA:20,7,1,0
BRDA:21,8,0,2
BRDA:21,8,1,0
BRF:14
BRH:10
end_of_record
TN:
SF:middleware/auth.js
FN:7,attachUserIfPresent
FN:22,requireAuth
FN:29,requireRole
FN:30,(anonymous_3)
FNF:4
FNH:4
FNDA:46,attachUserIfPresent
FNDA:10,requireAuth
FNDA:6,requireRole
FNDA:3,(anonymous_3)
DA:1,6
DA:2,6
DA:8,46
DA:9,46
DA:10,34
DA:11,34
DA:13,12
DA:14,12
DA:15,12
DA:17,0
DA:19,12
DA:23,10
DA:24,3
DA:26,7
DA:30,6
DA:31,3
DA:32,1
DA:34,2
DA:38,6
LF:19
LH:18
BRDA:9,0,0,34
BRDA:9,0,1,12
BRDA:9,1,0,46
BRDA:9,1,1,12
BRDA:23,2,0,3
BRDA:23,2,1,7
BRDA:31,3,0,1
BRDA:31,3,1,2
BRDA:31,4,0,3
BRDA:31,4,1,3
BRF:10
BRH:10
end_of_record
TN:
SF:middleware/errorHandler.js
FN:6,errorHandler
FN:24,notFoundHandler
FNF:2
FNH:1
FNDA:19,errorHandler
FNDA:0,notFoundHandler
DA:1,6
DA:2,6
DA:7,19
DA:8,19
DA:9,19
DA:11,19
DA:12,0
DA:17,19
DA:25,0
DA:28,6
LF:10
LH:8
BRDA:8,0,0,19
BRDA:8,0,1,0
BRDA:9,1,0,19
BRDA:9,1,1,0
BRDA:11,2,0,0
BRDA:11,2,1,19
BRDA:20,3,0,4
BRDA:20,3,1,15
BRDA:20,4,0,19
BRDA:20,4,1,19
BRF:10
BRH:7
end_of_record
TN:
SF:middleware/rateLimiter.js
FNF:0
FNH:0
DA:1,6
DA:2,6
DA:6,6
DA:14,6
DA:22,6
LF:5
LH:5
BRF:0
BRH:0
end_of_record
TN:
SF:middleware/upload.js
FN:10,(anonymous_0)
FN:18,(anonymous_1)
FN:23,wrapMulter
FN:24,(anonymous_3)
FN:25,(anonymous_4)
FN:43,verifyFileSignature
FN:44,(anonymous_6)
FN:48,(anonymous_7)
FNF:8
FNH:2
FNDA:0,(anonymous_0)
FNDA:0,(anonymous_1)
FNDA:12,wrapMulter
FNDA:0,(anonymous_3)
FNDA:0,(anonymous_4)
FNDA:12,verifyFileSignature
FNDA:0,(anonymous_6)
FNDA:0,(anonymous_7)
DA:1,6
DA:2,6
DA:3,6
DA:5,6
DA:7,6
DA:11,0
DA:15,6
DA:19,0
DA:24,12
DA:25,0
DA:26,0
DA:27,0
DA:28,0
DA:30,0
DA:32,0
DA:33,0
DA:34,0
DA:36,0
DA:44,12
DA:45,0
DA:46,0
DA:47,0
DA:48,0
DA:49,0
DA:50,0
DA:56,0
DA:58,0
DA:63,6
LF:28
LH:9
BRDA:26,0,0,0
BRDA:26,0,1,0
BRDA:27,1,0,0
BRDA:27,1,1,0
BRDA:32,2,0,0
BRDA:32,2,1,0
BRDA:33,3,0,0
BRDA:33,3,1,0
BRDA:48,4,0,0
BRDA:48,4,1,0
BRDA:49,5,0,0
BRDA:49,5,1,0
BRF:12
BRH:0
end_of_record
TN:
SF:middleware/validate.js
FN:6,validate
FN:9,(anonymous_1)
FNF:2
FNH:2
FNDA:32,validate
FNDA:4,(anonymous_1)
DA:1,6
DA:2,6
DA:7,32
DA:8,32
DA:9,4
DA:14,28
DA:17,6
LF:7
LH:7
BRDA:8,0,0,4
BRDA:8,0,1,28
BRF:2
BRH:2
end_of_record
TN:
SF:models/Analysis.js
FNF:0
FNH:0
DA:1,6
DA:4,6
DA:35,6
DA:36,6
DA:38,6
LF:5
LH:5
BRF:0
BRH:0
end_of_record
TN:
SF:models/User.js
FN:25,(anonymous_0)
FNF:1
FNH:1
FNDA:17,(anonymous_0)
DA:1,6
DA:6,6
DA:24,6
DA:26,17
DA:27,17
DA:28,17
DA:29,17
DA:33,6
LF:8
LH:8
BRF:0
BRH:0
end_of_record
TN:
SF:utils/ApiError.js
FN:5,(anonymous_0)
FNF:1
FNH:1
FNDA:20,(anonymous_0)
DA:6,20
DA:7,20
DA:8,20
DA:9,20
DA:13,9
LF:5
LH:5
BRDA:5,0,0,16
BRF:1
BRH:1
end_of_record
TN:
SF:utils/aiServiceClient.js
FN:11,toApiError
FN:22,analyzeText
FN:32,analyzeUrl
FN:42,analyzeFile
FN:54,(anonymous_4)
FN:57,(anonymous_5)
FNF:6
FNH:0
FNDA:0,toApiError
FNDA:0,analyzeText
FNDA:0,analyzeUrl
FNDA:0,analyzeFile
FNDA:0,(anonymous_4)
FNDA:0,(anonymous_5)
DA:1,3
DA:2,3
DA:3,3
DA:4,3
DA:5,3
DA:7,3
DA:12,0
DA:13,0
DA:15,0
DA:16,0
DA:18,0
DA:19,0
DA:23,0
DA:24,0
DA:25,0
DA:27,0
DA:28,0
DA:33,0
DA:34,0
DA:35,0
DA:37,0
DA:38,0
DA:43,0
DA:44,0
DA:45,0
DA:46,0
DA:47,0
DA:49,0
DA:50,0
DA:54,3
DA:55,0
DA:57,3
DA:58,0
DA:60,3
LF:34
LH:9
BRDA:12,0,0,0
BRDA:12,0,1,0
BRDA:15,1,0,0
BRDA:15,1,1,0
BRDA:15,2,0,0
BRDA:15,2,1,0
BRDA:18,3,0,0
BRDA:18,3,1,0
BRDA:18,3,2,0
BRDA:19,4,0,0
BRDA:19,4,1,0
BRF:11
BRH:0
end_of_record
TN:
SF:utils/asyncHandler.js
FN:3,(anonymous_0)
FN:3,(anonymous_1)
FNF:2
FNH:2
FNDA:84,(anonymous_0)
FNDA:36,(anonymous_1)
DA:3,84
DA:4,36
DA:7,6
LF:3
LH:3
BRF:0
BRH:0
end_of_record
TN:
SF:utils/jwt.js
FN:4,signAccessToken
FN:12,signRefreshToken
FN:20,verifyAccessToken
FN:24,verifyRefreshToken
FNF:4
FNH:4
FNDA:16,signAccessToken
FNDA:16,signRefreshToken
FNDA:12,verifyAccessToken
FNDA:2,verifyRefreshToken
DA:1,6
DA:2,6
DA:5,16
DA:13,16
DA:21,12
DA:25,2
DA:28,6
LF:7
LH:7
BRF:0
BRH:0
end_of_record
TN:
SF:utils/localAnalyzer.js
FN:60,analyzeText
FN:140,(anonymous_1)
FN:141,(anonymous_2)
FN:155,(anonymous_3)
FN:156,(anonymous_4)
FN:158,(anonymous_5)
FNF:6
FNH:4
FNDA:2,analyzeText
FNDA:38,(anonymous_1)
FNDA:0,(anonymous_2)
FNDA:38,(anonymous_3)
FNDA:0,(anonymous_4)
FNDA:1,(anonymous_5)
DA:12,6
DA:49,6
DA:61,2
DA:62,0
DA:65,2
DA:66,2
DA:69,2
DA:70,2
DA:71,2
DA:73,2
DA:74,38
DA:75,1
DA:76,1
DA:77,1
DA:79,1
DA:88,37
DA:99,2
DA:102,2
DA:103,2
DA:104,12
DA:105,0
DA:109,2
DA:111,2
DA:112,2
DA:113,2
DA:117,2
DA:118,2
DA:119,1
DA:120,0
DA:124,2
DA:125,2
DA:126,2
DA:127,0
DA:128,0
DA:131,2
DA:136,2
DA:139,2
DA:140,38
DA:141,0
DA:144,2
DA:154,2
DA:155,38
DA:156,0
DA:158,1
DA:166,2
DA:175,2
DA:176,2
DA:178,2
DA:179,0
DA:180,0
DA:181,0
DA:182,0
DA:183,0
DA:184,0
DA:185,0
DA:186,0
DA:187,2
DA:188,2
DA:189,2
DA:190,2
DA:191,2
DA:192,1
DA:194,0
DA:195,0
DA:198,2
DA:199,0
DA:200,2
DA:201,0
DA:203,2
DA:222,6
LF:70
LH:51
BRDA:61,0,0,0
BRDA:61,0,1,2
BRDA:61,1,0,2
BRDA:61,1,1,2
BRDA:74,2,0,1
BRDA:74,2,1,37
BRDA:76,3,0,1
BRDA:76,3,1,0
BRDA:84,4,0,1
BRDA:84,4,1,0
BRDA:104,5,0,0
BRDA:104,5,1,12
BRDA:111,6,0,0
BRDA:111,6,1,2
BRDA:112,7,0,0
BRDA:112,7,1,2
BRDA:117,8,0,0
BRDA:117,8,1,2
BRDA:118,9,0,1
BRDA:118,9,1,1
BRDA:119,10,0,1
BRDA:119,10,1,0
BRDA:125,11,0,0
BRDA:125,11,1,2
BRDA:126,12,0,2
BRDA:126,12,1,0
BRDA:127,13,0,0
BRDA:127,13,1,0
BRDA:136,14,0,0
BRDA:136,14,1,2
BRDA:147,15,0,1
BRDA:147,15,1,1
BRDA:169,16,0,1
BRDA:169,16,1,1
BRDA:178,17,0,0
BRDA:178,17,1,2
BRDA:181,18,0,0
BRDA:181,18,1,0
BRDA:183,19,0,0
BRDA:183,19,1,0
BRDA:185,20,0,0
BRDA:185,20,1,0
BRDA:187,21,0,2
BRDA:187,21,1,0
BRDA:187,22,0,2
BRDA:187,22,1,2
BRDA:191,23,0,1
BRDA:191,23,1,1
BRDA:198,24,0,0
BRDA:198,24,1,2
BRDA:200,25,0,0
BRDA:200,25,1,2
BRDA:215,26,0,2
BRDA:215,26,1,0
BRF:54
BRH:30
end_of_record
TN:
SF:utils/logger.js
FNF:0
FNH:0
DA:1,9
DA:3,9
DA:18,9
LF:3
LH:3
BRDA:4,0,0,0
BRDA:4,0,1,9
BRF:2
BRH:1
end_of_record
TN:
SF:utils/pdfParser.js
FN:11,extractTextFromPdf
FNF:1
FNH:0
FNDA:0,extractTextFromPdf
DA:4,6
DA:12,0
DA:13,0
DA:14,0
DA:15,0
DA:16,0
DA:18,0
DA:20,0
DA:21,0
DA:25,6
LF:10
LH:2
BRDA:14,0,0,0
BRDA:14,0,1,0
BRDA:15,1,0,0
BRDA:15,1,1,0
BRDA:20,2,0,0
BRDA:20,2,1,0
BRDA:20,3,0,0
BRDA:20,3,1,0
BRF:8
BRH:0
end_of_record
TN:
SF:utils/urlScraper.js
FN:13,scrapeUrl
FN:77,(anonymous_1)
FN:78,(anonymous_2)
FNF:3
FNH:1
FNDA:1,scrapeUrl
FNDA:0,(anonymous_1)
FNDA:0,(anonymous_2)
DA:5,6
DA:6,6
DA:15,1
DA:16,1
DA:27,1
DA:28,0
DA:30,1
DA:31,1
DA:33,0
DA:36,0
DA:37,0
DA:38,0
DA:41,0
DA:44,0
DA:47,0
DA:61,0
DA:62,0
DA:63,0
DA:64,0
DA:65,0
DA:66,0
DA:70,0
DA:71,0
DA:75,0
DA:77,0
DA:78,0
DA:83,0
DA:84,0
DA:87,0
DA:90,6
LF:30
LH:8
BRDA:27,0,0,0
BRDA:27,0,1,1
BRDA:27,1,0,1
BRDA:27,1,1,1
BRDA:27,1,2,1
BRDA:30,2,0,1
BRDA:30,2,1,0
BRDA:36,3,0,0
BRDA:36,3,1,0
BRDA:37,4,0,0
BRDA:37,4,1,0
BRDA:37,5,0,0
BRDA:37,5,1,0
BRDA:64,6,0,0
BRDA:64,6,1,0
BRDA:64,7,0,0
BRDA:64,7,1,0
BRDA:70,8,0,0
BRDA:70,8,1,0
BRDA:70,9,0,0
BRDA:70,9,1,0
BRDA:83,10,0,0
BRDA:83,10,1,0
BRF:23
BRH:5
end_of_record
